2022-07-04 09:26:24-log: [Package] menu@1.0.0 enable
2022-07-04 09:26:24-log: [Package] profile@1.0.0 enable
2022-07-04 09:26:24-log: [Package] project@1.0.1 enable
2022-07-04 09:26:24-log: [Package] messages@1.0.0 enable
2022-07-04 09:26:24-log: [Package] program@1.0.0 enable
2022-07-04 09:26:24-log: [Package] device@1.0.1 enable
2022-07-04 09:26:24-log: [Package] ui-kit@1.0.1 enable
2022-07-04 09:26:24-log: [Package] tester@1.0.0 enable
2022-07-04 09:26:24-log: [Package] preferences@1.0.0 enable
2022-07-04 09:26:24-log: Setup mods mgr.: 243.463ms
2022-07-04 09:26:24-log: [Package] engine@1.0.5 enable
2022-07-04 09:26:26-log: [Package] programming@1.0.0 enable
2022-07-04 09:26:26-log: [Package] engine-extends@1.0.0 enable
2022-07-04 09:26:26-log: [Package] asset-db@1.0.0 enable
2022-07-04 09:26:26-log: [Package] console@1.0.0 enable
2022-07-04 09:26:26-log: [Package] scene@1.0.0 enable
2022-07-04 09:26:27-log: [Package] utils@1.0.0 enable
2022-07-04 09:26:27-log: [Package] assets@1.0.0 enable
2022-07-04 09:26:27-log: [Package] inspector@1.0.0 enable
2022-07-04 09:26:27-log: [Package] hierarchy@1.0.0 enable
2022-07-04 09:26:28-log: [Package] preview@1.0.1 enable
2022-07-04 09:26:28-log: [Package] animator@1.0.0 enable
2022-07-04 09:26:29-log: [Package] builder@1.3.1 enable
2022-07-04 09:26:29-log: [Package] node-library@1.0.0 enable
2022-07-04 09:26:30-log: [Package] shortcuts@1.0.1 enable
2022-07-04 09:26:30-log: [Package] package-asset@1.0.0 enable
2022-07-04 09:26:30-log: [Package] reference-image@1.0.0 enable
2022-07-04 09:26:30-log: [Package] animation-graph@1.0.0 enable
2022-07-04 09:26:30-log: [Package] channel-upload-tools@1.0.0 enable
2022-07-04 09:26:30-log: [Package] runtime-dev-tools@1.0.0 enable
2022-07-04 09:26:30-log: [Package] lightmap@1.0.4 enable
2022-07-04 09:26:30-log: [Package] alipay-mini-game@1.0.0 enable
2022-07-04 09:26:30-log: [Package] android@1.0.0 enable
2022-07-04 09:26:30-log: [Package] baidu-mini-game@1.0.0 enable
2022-07-04 09:26:30-log: [Package] bytedance-mini-game@1.0.1 enable
2022-07-04 09:26:30-log: [Package] huawei-agc@1.0.0 enable
2022-07-04 09:26:30-log: [Package] ios@1.0.0 enable
2022-07-04 09:26:30-log: [Package] ios-app-clip@1.0.0 enable
2022-07-04 09:26:30-log: [Package] mac@1.0.0 enable
2022-07-04 09:26:30-log: [Package] native@1.0.0 enable
2022-07-04 09:26:30-log: [Package] ohos@1.0.0 enable
2022-07-04 09:26:30-log: [Package] web-desktop@1.0.0 enable
2022-07-04 09:26:30-log: [Package] web-mobile@1.0.0 enable
2022-07-04 09:26:30-log: [Package] wechatgame@1.0.1 enable
2022-07-04 09:26:30-log: [Package] windows@1.0.0 enable
2022-07-04 09:26:30-log: [Package] xiaomi-quick-game@1.0.0 enable
2022-07-04 09:26:30-log: [Package] cocos-play@1.0.0 enable
2022-07-04 09:26:31-log: [Package] huawei-quick-game@1.0.0 enable
2022-07-04 09:26:31-log: [Package] link-sure@1.0.0 enable
2022-07-04 09:26:31-log: [Package] oppo-mini-game@1.0.0 enable
2022-07-04 09:26:31-log: [Package] qtt@1.0.0 enable
2022-07-04 09:26:31-log: [Package] vivo-mini-game@1.0.0 enable
2022-07-04 09:26:31-log: [Package] cocos-service@3.0.2 enable
2022-07-04 09:26:31-log: [Package] importer@1.0.0 enable
2022-07-04 09:26:31-log: [Package] extension@3.0.15 enable
2022-07-04 09:26:32-log: [Im-plugin] Check im-plugin version.
2022-07-04 09:26:32-log: [Package] im-plugin@3.0.8 enable
2022-07-04 09:26:32-log: [Im-plugin] No online info of im-plugin.
2022-07-04 09:26:32-warn: Browserslist: caniuse-lite is outdated. Please run:
npx browserslist@latest --update-db

Why you should do it regularly:
https://github.com/browserslist/browserslist#browsers-data-updating
2022-07-04 09:26:33-log: [Scene] Cocos Creator v3.4.2
2022-07-04 09:26:34-warn: [Scene] The type of "UIPopupText.floatTime" must be CCFloat or CCInteger, not Number.
2022-07-04 09:26:34-warn: [Scene] The type of "EffectController.lifeTime" must be CCFloat or CCInteger, not Number.
2022-07-04 09:26:34-warn: [Scene] The type of "UISkillSlot.type" must be CCString, not String.
2022-07-04 09:26:34-warn: [Scene] The type of "DelayActiveChild.delayTime" must be CCFloat or CCInteger, not Number.
2022-07-04 09:26:34-info: [Scene] Forward render pipeline initialized.
2022-07-04 09:26:35-warn: [Scene] The type of "UIPopupText.floatTime" must be CCFloat or CCInteger, not Number.
2022-07-04 09:26:35-warn: [Scene] The type of "EffectController.lifeTime" must be CCFloat or CCInteger, not Number.
2022-07-04 09:26:35-warn: [Scene] The type of "UISkillSlot.type" must be CCString, not String.
2022-07-04 09:26:35-warn: [Scene] The type of "DelayActiveChild.delayTime" must be CCFloat or CCInteger, not Number.
