debug: Tue, 13 Sep 2022 08:05:38 GMT
debug: Project: D:\LearningFrameWork\MobaYan\Moba\Src\Client
debug: Targets: editor,preview
debug: Incremental file seems great.
debug: Engine path: D:\CocosDashboard\resources\.editors\Creator\3.4.2\resources\resources\3d\engine
debug: Initializing target [Editor]
debug: Loading cache
debug: Loading cache costs 7.730700001120567ms.
debug: Engine features shipped in editor: base,gfx-webgl,gfx-webgl2,3d,2d,ui,particle,particle-2d,physics-framework,physics-2d-framework,intersection-2d,primitive,profiler,audio,video,terrain,webview,tween,tiled-map,spine,dragon-bones,marionette
debug: Initializing target [Preview]
debug: Loading cache
debug: Loading cache costs 8.295699998736382ms.
debug: Sync engine features: base,gfx-webgl,gfx-webgl2,3d,2d,ui,particle,primitive,profiler,audio,video,webview,tween,terrain,marionette
debug: Pulling asset-db.
debug: Fetch asset-db cost: 51.886600002646446ms.
debug: Build iteration starts.
Number of accumulated asset changes: 165
Feature changed: false
debug: Target(editor) build started.
debug: Detected change: cce:/internal/x/cc. Last mtime: Thu Jan 01 1970 08:00:05 GMT+0800 (中国标准时间), Current mtime: Thu Jan 01 1970 08:00:05 GMT+0800 (中国标准时间)
debug: Inspect cce:/internal/x/cc
debug: Resolve cce:/internal/x/cc-fu/base from cce:/internal/x/cc as external dependency cce:/internal/x/cc-fu/base.
debug: Resolve cce:/internal/x/cc-fu/gfx-webgl from cce:/internal/x/cc as external dependency cce:/internal/x/cc-fu/gfx-webgl.
debug: Resolve cce:/internal/x/cc-fu/gfx-webgl2 from cce:/internal/x/cc as external dependency cce:/internal/x/cc-fu/gfx-webgl2.
debug: Resolve cce:/internal/x/cc-fu/3d from cce:/internal/x/cc as external dependency cce:/internal/x/cc-fu/3d.
debug: Resolve cce:/internal/x/cc-fu/2d from cce:/internal/x/cc as external dependency cce:/internal/x/cc-fu/2d.
debug: Resolve cce:/internal/x/cc-fu/ui from cce:/internal/x/cc as external dependency cce:/internal/x/cc-fu/ui.
debug: Resolve cce:/internal/x/cc-fu/particle from cce:/internal/x/cc as external dependency cce:/internal/x/cc-fu/particle.
debug: Resolve cce:/internal/x/cc-fu/particle-2d from cce:/internal/x/cc as external dependency cce:/internal/x/cc-fu/particle-2d.
debug: Resolve cce:/internal/x/cc-fu/physics-framework from cce:/internal/x/cc as external dependency cce:/internal/x/cc-fu/physics-framework.
debug: Resolve cce:/internal/x/cc-fu/physics-2d-framework from cce:/internal/x/cc as external dependency cce:/internal/x/cc-fu/physics-2d-framework.
debug: Resolve cce:/internal/x/cc-fu/intersection-2d from cce:/internal/x/cc as external dependency cce:/internal/x/cc-fu/intersection-2d.
debug: Resolve cce:/internal/x/cc-fu/primitive from cce:/internal/x/cc as external dependency cce:/internal/x/cc-fu/primitive.
debug: Resolve cce:/internal/x/cc-fu/profiler from cce:/internal/x/cc as external dependency cce:/internal/x/cc-fu/profiler.
debug: Resolve cce:/internal/x/cc-fu/audio from cce:/internal/x/cc as external dependency cce:/internal/x/cc-fu/audio.
debug: Resolve cce:/internal/x/cc-fu/video from cce:/internal/x/cc as external dependency cce:/internal/x/cc-fu/video.
debug: Resolve cce:/internal/x/cc-fu/terrain from cce:/internal/x/cc as external dependency cce:/internal/x/cc-fu/terrain.
debug: Resolve cce:/internal/x/cc-fu/webview from cce:/internal/x/cc as external dependency cce:/internal/x/cc-fu/webview.
debug: Resolve cce:/internal/x/cc-fu/tween from cce:/internal/x/cc as external dependency cce:/internal/x/cc-fu/tween.
debug: Resolve cce:/internal/x/cc-fu/tiled-map from cce:/internal/x/cc as external dependency cce:/internal/x/cc-fu/tiled-map.
debug: Resolve cce:/internal/x/cc-fu/spine from cce:/internal/x/cc as external dependency cce:/internal/x/cc-fu/spine.
debug: Resolve cce:/internal/x/cc-fu/dragon-bones from cce:/internal/x/cc as external dependency cce:/internal/x/cc-fu/dragon-bones.
debug: Detected change: cce:/internal/x/prerequisite-imports. Last mtime: Thu Jan 01 1970 08:00:10 GMT+0800 (中国标准时间), Current mtime: Thu Jan 01 1970 08:00:10 GMT+0800 (中国标准时间)
debug: Inspect cce:/internal/x/prerequisite-imports
debug: Resolve file:///D:/LearningFrameWork/MobaYan/Moba/Src/Client/assets/Scripts/Data/AddAttrDefine.ts from cce:/internal/x/prerequisite-imports as file:///D:/LearningFrameWork/MobaYan/Moba/Src/Client/assets/Scripts/Data/AddAttrDefine.ts.
debug: Resolve file:///D:/LearningFrameWork/MobaYan/Moba/Src/Client/assets/Scripts/Data/CharacterDefine.ts from cce:/internal/x/prerequisite-imports as file:///D:/LearningFrameWork/MobaYan/Moba/Src/Client/assets/Scripts/Data/CharacterDefine.ts.
debug: Resolve file:///D:/LearningFrameWork/MobaYan/Moba/Src/Client/assets/Scripts/Data/BuffDefine.ts from cce:/internal/x/prerequisite-imports as file:///D:/LearningFrameWork/MobaYan/Moba/Src/Client/assets/Scripts/Data/BuffDefine.ts.
debug: Resolve file:///D:/LearningFrameWork/MobaYan/Moba/Src/Client/assets/Scripts/Data/GameConfig.ts from cce:/internal/x/prerequisite-imports as file:///D:/LearningFrameWork/MobaYan/Moba/Src/Client/assets/Scripts/Data/GameConfig.ts.
debug: Resolve file:///D:/LearningFrameWork/MobaYan/Moba/Src/Client/assets/Scripts/Data/ItemDefine.ts from cce:/internal/x/prerequisite-imports as file:///D:/LearningFrameWork/MobaYan/Moba/Src/Client/assets/Scripts/Data/ItemDefine.ts.
debug: Resolve file:///D:/LearningFrameWork/MobaYan/Moba/Src/Client/assets/Scripts/Data/ShopDefine.ts from cce:/internal/x/prerequisite-imports as file:///D:/LearningFrameWork/MobaYan/Moba/Src/Client/assets/Scripts/Data/ShopDefine.ts.
debug: Resolve file:///D:/LearningFrameWork/MobaYan/Moba/Src/Client/assets/Scripts/Data/ShopItemDefine.ts from cce:/internal/x/prerequisite-imports as file:///D:/LearningFrameWork/MobaYan/Moba/Src/Client/assets/Scripts/Data/ShopItemDefine.ts.
debug: Resolve file:///D:/LearningFrameWork/MobaYan/Moba/Src/Client/assets/Scripts/Data/SkillDefine.ts from cce:/internal/x/prerequisite-imports as file:///D:/LearningFrameWork/MobaYan/Moba/Src/Client/assets/Scripts/Data/SkillDefine.ts.
debug: Resolve file:///D:/LearningFrameWork/MobaYan/Moba/Src/Client/assets/Scripts/Data/SpawnRuleDefine.ts from cce:/internal/x/prerequisite-imports as file:///D:/LearningFrameWork/MobaYan/Moba/Src/Client/assets/Scripts/Data/SpawnRuleDefine.ts.
debug: Resolve file:///D:/LearningFrameWork/MobaYan/Moba/Src/Client/assets/Scripts/LoadingManager.ts from cce:/internal/x/prerequisite-imports as file:///D:/LearningFrameWork/MobaYan/Moba/Src/Client/assets/Scripts/LoadingManager.ts.
debug: Resolve file:///D:/LearningFrameWork/MobaYan/Moba/Src/Client/assets/Scripts/Log/LogUtil.ts from cce:/internal/x/prerequisite-imports as file:///D:/LearningFrameWork/MobaYan/Moba/Src/Client/assets/Scripts/Log/LogUtil.ts.
debug: Resolve file:///D:/LearningFrameWork/MobaYan/Moba/Src/Client/assets/Scripts/Managers/ChatManager.ts from cce:/internal/x/prerequisite-imports as file:///D:/LearningFrameWork/MobaYan/Moba/Src/Client/assets/Scripts/Managers/ChatManager.ts.
debug: Resolve file:///D:/LearningFrameWork/MobaYan/Moba/Src/Client/assets/Scripts/Managers/DataManager.ts from cce:/internal/x/prerequisite-imports as file:///D:/LearningFrameWork/MobaYan/Moba/Src/Client/assets/Scripts/Managers/DataManager.ts.
debug: Resolve file:///D:/LearningFrameWork/MobaYan/Moba/Src/Client/assets/Scripts/Managers/CombatPowerRankingManager.ts from cce:/internal/x/prerequisite-imports as file:///D:/LearningFrameWork/MobaYan/Moba/Src/Client/assets/Scripts/Managers/CombatPowerRankingManager.ts.
debug: Resolve file:///D:/LearningFrameWork/MobaYan/Moba/Src/Client/assets/Scripts/Managers/FollowManager.ts from cce:/internal/x/prerequisite-imports as file:///D:/LearningFrameWork/MobaYan/Moba/Src/Client/assets/Scripts/Managers/FollowManager.ts.
debug: Resolve file:///D:/LearningFrameWork/MobaYan/Moba/Src/Client/assets/Scripts/Models/User.ts from cce:/internal/x/prerequisite-imports as file:///D:/LearningFrameWork/MobaYan/Moba/Src/Client/assets/Scripts/Models/User.ts.
debug: Resolve file:///D:/LearningFrameWork/MobaYan/Moba/Src/Client/assets/Scripts/Network/Battle/NetClientBattle.ts from cce:/internal/x/prerequisite-imports as file:///D:/LearningFrameWork/MobaYan/Moba/Src/Client/assets/Scripts/Network/Battle/NetClientBattle.ts.
debug: Resolve file:///D:/LearningFrameWork/MobaYan/Moba/Src/Client/assets/Scripts/Network/MessageDispatch.ts from cce:/internal/x/prerequisite-imports as file:///D:/LearningFrameWork/MobaYan/Moba/Src/Client/assets/Scripts/Network/MessageDispatch.ts.
debug: Resolve file:///D:/LearningFrameWork/MobaYan/Moba/Src/Client/assets/Scripts/Managers/ItemManager.ts from cce:/internal/x/prerequisite-imports as file:///D:/LearningFrameWork/MobaYan/Moba/Src/Client/assets/Scripts/Managers/ItemManager.ts.
debug: Resolve file:///D:/LearningFrameWork/MobaYan/Moba/Src/Client/assets/Scripts/Network/NetClient.ts from cce:/internal/x/prerequisite-imports as file:///D:/LearningFrameWork/MobaYan/Moba/Src/Client/assets/Scripts/Network/NetClient.ts.
debug: Resolve file:///D:/LearningFrameWork/MobaYan/Moba/Src/Client/assets/Scripts/Network/NetConfig.ts from cce:/internal/x/prerequisite-imports as file:///D:/LearningFrameWork/MobaYan/Moba/Src/Client/assets/Scripts/Network/NetConfig.ts.
debug: Resolve file:///D:/LearningFrameWork/MobaYan/Moba/Src/Client/assets/Scripts/Network/SocketConst.ts from cce:/internal/x/prerequisite-imports as file:///D:/LearningFrameWork/MobaYan/Moba/Src/Client/assets/Scripts/Network/SocketConst.ts.
debug: Resolve file:///D:/LearningFrameWork/MobaYan/Moba/Src/Client/assets/Scripts/Services/AuctionService.ts from cce:/internal/x/prerequisite-imports as file:///D:/LearningFrameWork/MobaYan/Moba/Src/Client/assets/Scripts/Services/AuctionService.ts.
debug: Resolve file:///D:/LearningFrameWork/MobaYan/Moba/Src/Client/assets/Scripts/Services/BattleService.ts from cce:/internal/x/prerequisite-imports as file:///D:/LearningFrameWork/MobaYan/Moba/Src/Client/assets/Scripts/Services/BattleService.ts.
debug: Resolve file:///D:/LearningFrameWork/MobaYan/Moba/Src/Client/assets/Scripts/Services/ChatService.ts from cce:/internal/x/prerequisite-imports as file:///D:/LearningFrameWork/MobaYan/Moba/Src/Client/assets/Scripts/Services/ChatService.ts.
debug: Resolve file:///D:/LearningFrameWork/MobaYan/Moba/Src/Client/assets/Scripts/Services/FollowService.ts from cce:/internal/x/prerequisite-imports as file:///D:/LearningFrameWork/MobaYan/Moba/Src/Client/assets/Scripts/Services/FollowService.ts.
debug: Resolve file:///D:/LearningFrameWork/MobaYan/Moba/Src/Client/assets/Scripts/Services/ItemService.ts from cce:/internal/x/prerequisite-imports as file:///D:/LearningFrameWork/MobaYan/Moba/Src/Client/assets/Scripts/Services/ItemService.ts.
debug: Resolve file:///D:/LearningFrameWork/MobaYan/Moba/Src/Client/assets/Scripts/Services/MatchService.ts from cce:/internal/x/prerequisite-imports as file:///D:/LearningFrameWork/MobaYan/Moba/Src/Client/assets/Scripts/Services/MatchService.ts.
debug: Resolve file:///D:/LearningFrameWork/MobaYan/Moba/Src/Client/assets/Scripts/Services/RoomService.ts from cce:/internal/x/prerequisite-imports as file:///D:/LearningFrameWork/MobaYan/Moba/Src/Client/assets/Scripts/Services/RoomService.ts.
debug: Resolve file:///D:/LearningFrameWork/MobaYan/Moba/Src/Client/assets/Scripts/Services/StatusService.ts from cce:/internal/x/prerequisite-imports as file:///D:/LearningFrameWork/MobaYan/Moba/Src/Client/assets/Scripts/Services/StatusService.ts.
debug: Resolve file:///D:/LearningFrameWork/MobaYan/Moba/Src/Client/assets/Scripts/Services/TipsService.ts from cce:/internal/x/prerequisite-imports as file:///D:/LearningFrameWork/MobaYan/Moba/Src/Client/assets/Scripts/Services/TipsService.ts.
debug: Resolve file:///D:/LearningFrameWork/MobaYan/Moba/Src/Client/assets/Scripts/Services/UserService.ts from cce:/internal/x/prerequisite-imports as file:///D:/LearningFrameWork/MobaYan/Moba/Src/Client/assets/Scripts/Services/UserService.ts.
debug: Resolve file:///D:/LearningFrameWork/MobaYan/Moba/Src/Client/assets/Scripts/UI/Auction/UIAuction.ts from cce:/internal/x/prerequisite-imports as file:///D:/LearningFrameWork/MobaYan/Moba/Src/Client/assets/Scripts/UI/Auction/UIAuction.ts.
debug: Resolve file:///D:/LearningFrameWork/MobaYan/Moba/Src/Client/assets/Scripts/UI/Auction/UIAuctionDetailItem.ts from cce:/internal/x/prerequisite-imports as file:///D:/LearningFrameWork/MobaYan/Moba/Src/Client/assets/Scripts/UI/Auction/UIAuctionDetailItem.ts.
debug: Resolve file:///D:/LearningFrameWork/MobaYan/Moba/Src/Client/assets/Scripts/UI/Auction/UIAuctionItem.ts from cce:/internal/x/prerequisite-imports as file:///D:/LearningFrameWork/MobaYan/Moba/Src/Client/assets/Scripts/UI/Auction/UIAuctionItem.ts.
debug: Resolve file:///D:/LearningFrameWork/MobaYan/Moba/Src/Client/assets/Scripts/UI/Bag/UIBag.ts from cce:/internal/x/prerequisite-imports as file:///D:/LearningFrameWork/MobaYan/Moba/Src/Client/assets/Scripts/UI/Bag/UIBag.ts.
debug: Resolve file:///D:/LearningFrameWork/MobaYan/Moba/Src/Client/assets/Scripts/UI/Bag/UIBagDetailItem.ts from cce:/internal/x/prerequisite-imports as file:///D:/LearningFrameWork/MobaYan/Moba/Src/Client/assets/Scripts/UI/Bag/UIBagDetailItem.ts.
debug: Resolve file:///D:/LearningFrameWork/MobaYan/Moba/Src/Client/assets/Scripts/UI/Battle/Attribute/AttributeData.ts from cce:/internal/x/prerequisite-imports as file:///D:/LearningFrameWork/MobaYan/Moba/Src/Client/assets/Scripts/UI/Battle/Attribute/AttributeData.ts.
debug: Resolve file:///D:/LearningFrameWork/MobaYan/Moba/Src/Client/assets/Scripts/UI/Bag/UIBagItem.ts from cce:/internal/x/prerequisite-imports as file:///D:/LearningFrameWork/MobaYan/Moba/Src/Client/assets/Scripts/UI/Bag/UIBagItem.ts.
debug: Resolve file:///D:/LearningFrameWork/MobaYan/Moba/Src/Client/assets/Scripts/UI/Battle/Effects/AnimationEventController.ts from cce:/internal/x/prerequisite-imports as file:///D:/LearningFrameWork/MobaYan/Moba/Src/Client/assets/Scripts/UI/Battle/Effects/AnimationEventController.ts.
debug: Resolve file:///D:/LearningFrameWork/MobaYan/Moba/Src/Client/assets/Scripts/UI/Battle/Attribute/AttributeType.ts from cce:/internal/x/prerequisite-imports as file:///D:/LearningFrameWork/MobaYan/Moba/Src/Client/assets/Scripts/UI/Battle/Attribute/AttributeType.ts.
debug: Resolve file:///D:/LearningFrameWork/MobaYan/Moba/Src/Client/assets/Scripts/UI/Battle/Effects/EffectController.ts from cce:/internal/x/prerequisite-imports as file:///D:/LearningFrameWork/MobaYan/Moba/Src/Client/assets/Scripts/UI/Battle/Effects/EffectController.ts.
debug: Resolve file:///D:/LearningFrameWork/MobaYan/Moba/Src/Client/assets/Scripts/UI/Battle/Attribute/Attributes.ts from cce:/internal/x/prerequisite-imports as file:///D:/LearningFrameWork/MobaYan/Moba/Src/Client/assets/Scripts/UI/Battle/Attribute/Attributes.ts.
debug: Resolve file:///D:/LearningFrameWork/MobaYan/Moba/Src/Client/assets/Scripts/UI/Battle/Effects/EffectType.ts from cce:/internal/x/prerequisite-imports as file:///D:/LearningFrameWork/MobaYan/Moba/Src/Client/assets/Scripts/UI/Battle/Effects/EffectType.ts.
debug: Resolve file:///D:/LearningFrameWork/MobaYan/Moba/Src/Client/assets/Scripts/UI/Battle/Effects/EntityEffectManager.ts from cce:/internal/x/prerequisite-imports as file:///D:/LearningFrameWork/MobaYan/Moba/Src/Client/assets/Scripts/UI/Battle/Effects/EntityEffectManager.ts.
debug: Resolve file:///D:/LearningFrameWork/MobaYan/Moba/Src/Client/assets/Scripts/UI/Battle/Enities/Creature.ts from cce:/internal/x/prerequisite-imports as file:///D:/LearningFrameWork/MobaYan/Moba/Src/Client/assets/Scripts/UI/Battle/Enities/Creature.ts.
debug: Resolve file:///D:/LearningFrameWork/MobaYan/Moba/Src/Client/assets/Scripts/UI/Battle/Managers/AiManager.ts from cce:/internal/x/prerequisite-imports as file:///D:/LearningFrameWork/MobaYan/Moba/Src/Client/assets/Scripts/UI/Battle/Managers/AiManager.ts.
debug: Resolve file:///D:/LearningFrameWork/MobaYan/Moba/Src/Client/assets/Scripts/UI/Battle/Managers/BattleManager.ts from cce:/internal/x/prerequisite-imports as file:///D:/LearningFrameWork/MobaYan/Moba/Src/Client/assets/Scripts/UI/Battle/Managers/BattleManager.ts.
debug: Resolve file:///D:/LearningFrameWork/MobaYan/Moba/Src/Client/assets/Scripts/UI/Battle/Effects/FXManager.ts from cce:/internal/x/prerequisite-imports as file:///D:/LearningFrameWork/MobaYan/Moba/Src/Client/assets/Scripts/UI/Battle/Effects/FXManager.ts.
debug: Resolve file:///D:/LearningFrameWork/MobaYan/Moba/Src/Client/assets/Scripts/UI/Battle/Managers/BuffManager.ts from cce:/internal/x/prerequisite-imports as file:///D:/LearningFrameWork/MobaYan/Moba/Src/Client/assets/Scripts/UI/Battle/Managers/BuffManager.ts.
debug: Resolve file:///D:/LearningFrameWork/MobaYan/Moba/Src/Client/assets/Scripts/UI/Battle/Managers/CharacterManager.ts from cce:/internal/x/prerequisite-imports as file:///D:/LearningFrameWork/MobaYan/Moba/Src/Client/assets/Scripts/UI/Battle/Managers/CharacterManager.ts.
debug: Resolve file:///D:/LearningFrameWork/MobaYan/Moba/Src/Client/assets/Scripts/UI/Battle/Managers/SkillManager.ts from cce:/internal/x/prerequisite-imports as file:///D:/LearningFrameWork/MobaYan/Moba/Src/Client/assets/Scripts/UI/Battle/Managers/SkillManager.ts.
debug: Resolve file:///D:/LearningFrameWork/MobaYan/Moba/Src/Client/assets/Scripts/UI/Battle/Managers/EffectManager.ts from cce:/internal/x/prerequisite-imports as file:///D:/LearningFrameWork/MobaYan/Moba/Src/Client/assets/Scripts/UI/Battle/Managers/EffectManager.ts.
debug: Resolve file:///D:/LearningFrameWork/MobaYan/Moba/Src/Client/assets/Scripts/UI/Battle/Minimap/UIMinimapCharacter.ts from cce:/internal/x/prerequisite-imports as file:///D:/LearningFrameWork/MobaYan/Moba/Src/Client/assets/Scripts/UI/Battle/Minimap/UIMinimapCharacter.ts.
debug: Resolve file:///D:/LearningFrameWork/MobaYan/Moba/Src/Client/assets/Scripts/UI/Battle/Managers/SpawnMonManager.ts from cce:/internal/x/prerequisite-imports as file:///D:/LearningFrameWork/MobaYan/Moba/Src/Client/assets/Scripts/UI/Battle/Managers/SpawnMonManager.ts.
debug: Resolve file:///D:/LearningFrameWork/MobaYan/Moba/Src/Client/assets/Scripts/UI/Battle/Minimap/UIMinimapManager.ts from cce:/internal/x/prerequisite-imports as file:///D:/LearningFrameWork/MobaYan/Moba/Src/Client/assets/Scripts/UI/Battle/Minimap/UIMinimapManager.ts.
debug: Resolve file:///D:/LearningFrameWork/MobaYan/Moba/Src/Client/assets/Scripts/UI/Battle/Managers/CreatureManager.ts from cce:/internal/x/prerequisite-imports as file:///D:/LearningFrameWork/MobaYan/Moba/Src/Client/assets/Scripts/UI/Battle/Managers/CreatureManager.ts.
debug: Resolve file:///D:/LearningFrameWork/MobaYan/Moba/Src/Client/assets/Scripts/UI/Battle/Models/BattleContext.ts from cce:/internal/x/prerequisite-imports as file:///D:/LearningFrameWork/MobaYan/Moba/Src/Client/assets/Scripts/UI/Battle/Models/BattleContext.ts.
debug: Resolve file:///D:/LearningFrameWork/MobaYan/Moba/Src/Client/assets/Scripts/UI/Battle/Models/Buff.ts from cce:/internal/x/prerequisite-imports as file:///D:/LearningFrameWork/MobaYan/Moba/Src/Client/assets/Scripts/UI/Battle/Models/Buff.ts.
debug: Resolve file:///D:/LearningFrameWork/MobaYan/Moba/Src/Client/assets/Scripts/UI/Battle/Models/Bullet.ts from cce:/internal/x/prerequisite-imports as file:///D:/LearningFrameWork/MobaYan/Moba/Src/Client/assets/Scripts/UI/Battle/Models/Bullet.ts.
debug: Resolve file:///D:/LearningFrameWork/MobaYan/Moba/Src/Client/assets/Scripts/UI/Battle/Models/Skill.ts from cce:/internal/x/prerequisite-imports as file:///D:/LearningFrameWork/MobaYan/Moba/Src/Client/assets/Scripts/UI/Battle/Models/Skill.ts.
debug: Resolve file:///D:/LearningFrameWork/MobaYan/Moba/Src/Client/assets/Scripts/UI/Battle/Skill/UISkillSlot.ts from cce:/internal/x/prerequisite-imports as file:///D:/LearningFrameWork/MobaYan/Moba/Src/Client/assets/Scripts/UI/Battle/Skill/UISkillSlot.ts.
debug: Resolve file:///D:/LearningFrameWork/MobaYan/Moba/Src/Client/assets/Scripts/UI/Battle/Skill/UISkillSlots.ts from cce:/internal/x/prerequisite-imports as file:///D:/LearningFrameWork/MobaYan/Moba/Src/Client/assets/Scripts/UI/Battle/Skill/UISkillSlots.ts.
debug: Resolve file:///D:/LearningFrameWork/MobaYan/Moba/Src/Client/assets/Scripts/UI/Battle/UIBattleChat.ts from cce:/internal/x/prerequisite-imports as file:///D:/LearningFrameWork/MobaYan/Moba/Src/Client/assets/Scripts/UI/Battle/UIBattleChat.ts.
debug: Resolve file:///D:/LearningFrameWork/MobaYan/Moba/Src/Client/assets/Scripts/UI/Battle/UIBattleChatItem.ts from cce:/internal/x/prerequisite-imports as file:///D:/LearningFrameWork/MobaYan/Moba/Src/Client/assets/Scripts/UI/Battle/UIBattleChatItem.ts.
debug: Resolve file:///D:/LearningFrameWork/MobaYan/Moba/Src/Client/assets/Scripts/UI/Battle/UIGameLoadIn.ts from cce:/internal/x/prerequisite-imports as file:///D:/LearningFrameWork/MobaYan/Moba/Src/Client/assets/Scripts/UI/Battle/UIGameLoadIn.ts.
debug: Resolve file:///D:/LearningFrameWork/MobaYan/Moba/Src/Client/assets/Scripts/UI/Battle/Managers/CollisionCheckManager.ts from cce:/internal/x/prerequisite-imports as file:///D:/LearningFrameWork/MobaYan/Moba/Src/Client/assets/Scripts/UI/Battle/Managers/CollisionCheckManager.ts.
debug: Resolve file:///D:/LearningFrameWork/MobaYan/Moba/Src/Client/assets/Scripts/UI/Battle/UIBattle.ts from cce:/internal/x/prerequisite-imports as file:///D:/LearningFrameWork/MobaYan/Moba/Src/Client/assets/Scripts/UI/Battle/UIBattle.ts.
debug: Resolve file:///D:/LearningFrameWork/MobaYan/Moba/Src/Client/assets/Scripts/UI/Battle/UIHpBar.ts from cce:/internal/x/prerequisite-imports as file:///D:/LearningFrameWork/MobaYan/Moba/Src/Client/assets/Scripts/UI/Battle/UIHpBar.ts.
debug: Resolve file:///D:/LearningFrameWork/MobaYan/Moba/Src/Client/assets/Scripts/UI/Battle/UIGameOver.ts from cce:/internal/x/prerequisite-imports as file:///D:/LearningFrameWork/MobaYan/Moba/Src/Client/assets/Scripts/UI/Battle/UIGameOver.ts.
debug: Resolve file:///D:/LearningFrameWork/MobaYan/Moba/Src/Client/assets/Scripts/UI/Battle/UILiveMsg.ts from cce:/internal/x/prerequisite-imports as file:///D:/LearningFrameWork/MobaYan/Moba/Src/Client/assets/Scripts/UI/Battle/UILiveMsg.ts.
debug: Resolve file:///D:/LearningFrameWork/MobaYan/Moba/Src/Client/assets/Scripts/UI/Battle/UIRocker.ts from cce:/internal/x/prerequisite-imports as file:///D:/LearningFrameWork/MobaYan/Moba/Src/Client/assets/Scripts/UI/Battle/UIRocker.ts.
debug: Resolve file:///D:/LearningFrameWork/MobaYan/Moba/Src/Client/assets/Scripts/UI/Battle/UIPopupText.ts from cce:/internal/x/prerequisite-imports as file:///D:/LearningFrameWork/MobaYan/Moba/Src/Client/assets/Scripts/UI/Battle/UIPopupText.ts.
debug: Resolve file:///D:/LearningFrameWork/MobaYan/Moba/Src/Client/assets/Scripts/UI/Battle/Utils/BattleGlobal.ts from cce:/internal/x/prerequisite-imports as file:///D:/LearningFrameWork/MobaYan/Moba/Src/Client/assets/Scripts/UI/Battle/Utils/BattleGlobal.ts.
debug: Resolve file:///D:/LearningFrameWork/MobaYan/Moba/Src/Client/assets/Scripts/UI/Battle/UITestFloat.ts from cce:/internal/x/prerequisite-imports as file:///D:/LearningFrameWork/MobaYan/Moba/Src/Client/assets/Scripts/UI/Battle/UITestFloat.ts.
debug: Resolve file:///D:/LearningFrameWork/MobaYan/Moba/Src/Client/assets/Scripts/UI/Battle/Utils/LogicRenderConvert.ts from cce:/internal/x/prerequisite-imports as file:///D:/LearningFrameWork/MobaYan/Moba/Src/Client/assets/Scripts/UI/Battle/Utils/LogicRenderConvert.ts.
debug: Resolve file:///D:/LearningFrameWork/MobaYan/Moba/Src/Client/assets/Scripts/UI/Battle/Utils/RandomUtil.ts from cce:/internal/x/prerequisite-imports as file:///D:/LearningFrameWork/MobaYan/Moba/Src/Client/assets/Scripts/UI/Battle/Utils/RandomUtil.ts.
debug: Resolve file:///D:/LearningFrameWork/MobaYan/Moba/Src/Client/assets/Scripts/UI/Battle/Vo/BuffInfo.ts from cce:/internal/x/prerequisite-imports as file:///D:/LearningFrameWork/MobaYan/Moba/Src/Client/assets/Scripts/UI/Battle/Vo/BuffInfo.ts.
debug: Resolve file:///D:/LearningFrameWork/MobaYan/Moba/Src/Client/assets/Scripts/UI/Battle/Vo/DamageInfo.ts from cce:/internal/x/prerequisite-imports as file:///D:/LearningFrameWork/MobaYan/Moba/Src/Client/assets/Scripts/UI/Battle/Vo/DamageInfo.ts.
debug: Resolve file:///D:/LearningFrameWork/MobaYan/Moba/Src/Client/assets/Scripts/UI/Battle/UIWorldElement.ts from cce:/internal/x/prerequisite-imports as file:///D:/LearningFrameWork/MobaYan/Moba/Src/Client/assets/Scripts/UI/Battle/UIWorldElement.ts.
debug: Resolve file:///D:/LearningFrameWork/MobaYan/Moba/Src/Client/assets/Scripts/UI/Battle/UIWorldElementManager.ts from cce:/internal/x/prerequisite-imports as file:///D:/LearningFrameWork/MobaYan/Moba/Src/Client/assets/Scripts/UI/Battle/UIWorldElementManager.ts.
debug: Resolve file:///D:/LearningFrameWork/MobaYan/Moba/Src/Client/assets/Scripts/UI/Battle/enums/AniState.ts from cce:/internal/x/prerequisite-imports as file:///D:/LearningFrameWork/MobaYan/Moba/Src/Client/assets/Scripts/UI/Battle/enums/AniState.ts.
debug: Resolve file:///D:/LearningFrameWork/MobaYan/Moba/Src/Client/assets/Scripts/UI/Battle/enums/BattleMode.ts from cce:/internal/x/prerequisite-imports as file:///D:/LearningFrameWork/MobaYan/Moba/Src/Client/assets/Scripts/UI/Battle/enums/BattleMode.ts.
debug: Resolve file:///D:/LearningFrameWork/MobaYan/Moba/Src/Client/assets/Scripts/UI/Battle/enums/BattleState.ts from cce:/internal/x/prerequisite-imports as file:///D:/LearningFrameWork/MobaYan/Moba/Src/Client/assets/Scripts/UI/Battle/enums/BattleState.ts.
debug: Resolve file:///D:/LearningFrameWork/MobaYan/Moba/Src/Client/assets/Scripts/UI/Battle/enums/BuffAction.ts from cce:/internal/x/prerequisite-imports as file:///D:/LearningFrameWork/MobaYan/Moba/Src/Client/assets/Scripts/UI/Battle/enums/BuffAction.ts.
debug: Resolve file:///D:/LearningFrameWork/MobaYan/Moba/Src/Client/assets/Scripts/UI/Battle/Vo/PositionVo.ts from cce:/internal/x/prerequisite-imports as file:///D:/LearningFrameWork/MobaYan/Moba/Src/Client/assets/Scripts/UI/Battle/Vo/PositionVo.ts.
debug: Resolve file:///D:/LearningFrameWork/MobaYan/Moba/Src/Client/assets/Scripts/UI/Battle/Vo/SkillHitInfo.ts from cce:/internal/x/prerequisite-imports as file:///D:/LearningFrameWork/MobaYan/Moba/Src/Client/assets/Scripts/UI/Battle/Vo/SkillHitInfo.ts.
debug: Resolve file:///D:/LearningFrameWork/MobaYan/Moba/Src/Client/assets/Scripts/UI/Battle/Vo/SkillTipsSize.ts from cce:/internal/x/prerequisite-imports as file:///D:/LearningFrameWork/MobaYan/Moba/Src/Client/assets/Scripts/UI/Battle/Vo/SkillTipsSize.ts.
debug: Resolve file:///D:/LearningFrameWork/MobaYan/Moba/Src/Client/assets/Scripts/UI/Battle/enums/BuffEffect.ts from cce:/internal/x/prerequisite-imports as file:///D:/LearningFrameWork/MobaYan/Moba/Src/Client/assets/Scripts/UI/Battle/enums/BuffEffect.ts.
debug: Resolve file:///D:/LearningFrameWork/MobaYan/Moba/Src/Client/assets/Scripts/UI/Battle/enums/CarDirType.ts from cce:/internal/x/prerequisite-imports as file:///D:/LearningFrameWork/MobaYan/Moba/Src/Client/assets/Scripts/UI/Battle/enums/CarDirType.ts.
debug: Resolve file:///D:/LearningFrameWork/MobaYan/Moba/Src/Client/assets/Scripts/UI/Battle/enums/CreatureType.ts from cce:/internal/x/prerequisite-imports as file:///D:/LearningFrameWork/MobaYan/Moba/Src/Client/assets/Scripts/UI/Battle/enums/CreatureType.ts.
debug: Resolve file:///D:/LearningFrameWork/MobaYan/Moba/Src/Client/assets/Scripts/UI/Battle/enums/GameStatus.ts from cce:/internal/x/prerequisite-imports as file:///D:/LearningFrameWork/MobaYan/Moba/Src/Client/assets/Scripts/UI/Battle/enums/GameStatus.ts.
debug: Resolve file:///D:/LearningFrameWork/MobaYan/Moba/Src/Client/assets/Scripts/UI/Battle/enums/HandlerFrameResult.ts from cce:/internal/x/prerequisite-imports as file:///D:/LearningFrameWork/MobaYan/Moba/Src/Client/assets/Scripts/UI/Battle/enums/HandlerFrameResult.ts.
debug: Resolve file:///D:/LearningFrameWork/MobaYan/Moba/Src/Client/assets/Scripts/UI/Battle/enums/OptType.ts from cce:/internal/x/prerequisite-imports as file:///D:/LearningFrameWork/MobaYan/Moba/Src/Client/assets/Scripts/UI/Battle/enums/OptType.ts.
debug: Resolve file:///D:/LearningFrameWork/MobaYan/Moba/Src/Client/assets/Scripts/UI/Battle/enums/PopupType.ts from cce:/internal/x/prerequisite-imports as file:///D:/LearningFrameWork/MobaYan/Moba/Src/Client/assets/Scripts/UI/Battle/enums/PopupType.ts.
debug: Resolve file:///D:/LearningFrameWork/MobaYan/Moba/Src/Client/assets/Scripts/UI/Battle/enums/ShapeType.ts from cce:/internal/x/prerequisite-imports as file:///D:/LearningFrameWork/MobaYan/Moba/Src/Client/assets/Scripts/UI/Battle/enums/ShapeType.ts.
debug: Resolve file:///D:/LearningFrameWork/MobaYan/Moba/Src/Client/assets/Scripts/UI/Battle/enums/SkillResult.ts from cce:/internal/x/prerequisite-imports as file:///D:/LearningFrameWork/MobaYan/Moba/Src/Client/assets/Scripts/UI/Battle/enums/SkillResult.ts.
debug: Resolve file:///D:/LearningFrameWork/MobaYan/Moba/Src/Client/assets/Scripts/UI/Battle/enums/SkillStatus.ts from cce:/internal/x/prerequisite-imports as file:///D:/LearningFrameWork/MobaYan/Moba/Src/Client/assets/Scripts/UI/Battle/enums/SkillStatus.ts.
debug: Resolve file:///D:/LearningFrameWork/MobaYan/Moba/Src/Client/assets/Scripts/UI/Battle/enums/SkillTipsType.ts from cce:/internal/x/prerequisite-imports as file:///D:/LearningFrameWork/MobaYan/Moba/Src/Client/assets/Scripts/UI/Battle/enums/SkillTipsType.ts.
debug: Resolve file:///D:/LearningFrameWork/MobaYan/Moba/Src/Client/assets/Scripts/UI/Battle/enums/SkillType.ts from cce:/internal/x/prerequisite-imports as file:///D:/LearningFrameWork/MobaYan/Moba/Src/Client/assets/Scripts/UI/Battle/enums/SkillType.ts.
debug: Resolve file:///D:/LearningFrameWork/MobaYan/Moba/Src/Client/assets/Scripts/UI/Battle/enums/TargetType.ts from cce:/internal/x/prerequisite-imports as file:///D:/LearningFrameWork/MobaYan/Moba/Src/Client/assets/Scripts/UI/Battle/enums/TargetType.ts.
debug: Resolve file:///D:/LearningFrameWork/MobaYan/Moba/Src/Client/assets/Scripts/UI/Battle/enums/TeamType2.ts from cce:/internal/x/prerequisite-imports as file:///D:/LearningFrameWork/MobaYan/Moba/Src/Client/assets/Scripts/UI/Battle/enums/TeamType2.ts.
debug: Resolve file:///D:/LearningFrameWork/MobaYan/Moba/Src/Client/assets/Scripts/UI/Battle/enums/TriggerType.ts from cce:/internal/x/prerequisite-imports as file:///D:/LearningFrameWork/MobaYan/Moba/Src/Client/assets/Scripts/UI/Battle/enums/TriggerType.ts.
debug: Resolve file:///D:/LearningFrameWork/MobaYan/Moba/Src/Client/assets/Scripts/UI/CharacterSelect/UICharacterSelectItem.ts from cce:/internal/x/prerequisite-imports as file:///D:/LearningFrameWork/MobaYan/Moba/Src/Client/assets/Scripts/UI/CharacterSelect/UICharacterSelectItem.ts.
debug: Resolve file:///D:/LearningFrameWork/MobaYan/Moba/Src/Client/assets/Scripts/UI/CharacterSelect/UICharacterSelect.ts from cce:/internal/x/prerequisite-imports as file:///D:/LearningFrameWork/MobaYan/Moba/Src/Client/assets/Scripts/UI/CharacterSelect/UICharacterSelect.ts.
debug: Resolve file:///D:/LearningFrameWork/MobaYan/Moba/Src/Client/assets/Scripts/UI/Chat/UIChat.ts from cce:/internal/x/prerequisite-imports as file:///D:/LearningFrameWork/MobaYan/Moba/Src/Client/assets/Scripts/UI/Chat/UIChat.ts.
debug: Resolve file:///D:/LearningFrameWork/MobaYan/Moba/Src/Client/assets/Scripts/UI/Chat/UIChatUserItem.ts from cce:/internal/x/prerequisite-imports as file:///D:/LearningFrameWork/MobaYan/Moba/Src/Client/assets/Scripts/UI/Chat/UIChatUserItem.ts.
debug: Resolve file:///D:/LearningFrameWork/MobaYan/Moba/Src/Client/assets/Scripts/UI/Chat/UIChatItem.ts from cce:/internal/x/prerequisite-imports as file:///D:/LearningFrameWork/MobaYan/Moba/Src/Client/assets/Scripts/UI/Chat/UIChatItem.ts.
debug: Resolve file:///D:/LearningFrameWork/MobaYan/Moba/Src/Client/assets/Scripts/UI/Common/Event/EventManager.ts from cce:/internal/x/prerequisite-imports as file:///D:/LearningFrameWork/MobaYan/Moba/Src/Client/assets/Scripts/UI/Common/Event/EventManager.ts.
debug: Resolve file:///D:/LearningFrameWork/MobaYan/Moba/Src/Client/assets/Scripts/UI/Chat/UIOtherMyUserItem.ts from cce:/internal/x/prerequisite-imports as file:///D:/LearningFrameWork/MobaYan/Moba/Src/Client/assets/Scripts/UI/Chat/UIOtherMyUserItem.ts.
debug: Resolve file:///D:/LearningFrameWork/MobaYan/Moba/Src/Client/assets/Scripts/UI/Common/Event/EventType.ts from cce:/internal/x/prerequisite-imports as file:///D:/LearningFrameWork/MobaYan/Moba/Src/Client/assets/Scripts/UI/Common/Event/EventType.ts.
debug: Resolve file:///D:/LearningFrameWork/MobaYan/Moba/Src/Client/assets/Scripts/UI/Common/InputBox.ts from cce:/internal/x/prerequisite-imports as file:///D:/LearningFrameWork/MobaYan/Moba/Src/Client/assets/Scripts/UI/Common/InputBox.ts.
debug: Resolve file:///D:/LearningFrameWork/MobaYan/Moba/Src/Client/assets/Scripts/UI/Common/ListView/ListView.ts from cce:/internal/x/prerequisite-imports as file:///D:/LearningFrameWork/MobaYan/Moba/Src/Client/assets/Scripts/UI/Common/ListView/ListView.ts.
debug: Resolve file:///D:/LearningFrameWork/MobaYan/Moba/Src/Client/assets/Scripts/UI/Common/MessageBox.ts from cce:/internal/x/prerequisite-imports as file:///D:/LearningFrameWork/MobaYan/Moba/Src/Client/assets/Scripts/UI/Common/MessageBox.ts.
debug: Resolve file:///D:/LearningFrameWork/MobaYan/Moba/Src/Client/assets/Scripts/UI/Common/ListView/ListViewItem.ts from cce:/internal/x/prerequisite-imports as file:///D:/LearningFrameWork/MobaYan/Moba/Src/Client/assets/Scripts/UI/Common/ListView/ListViewItem.ts.
debug: Resolve file:///D:/LearningFrameWork/MobaYan/Moba/Src/Client/assets/Scripts/UI/Common/ScrollView/ListItem.ts from cce:/internal/x/prerequisite-imports as file:///D:/LearningFrameWork/MobaYan/Moba/Src/Client/assets/Scripts/UI/Common/ScrollView/ListItem.ts.
debug: Resolve file:///D:/LearningFrameWork/MobaYan/Moba/Src/Client/assets/Scripts/UI/Common/ScrollView/List.ts from cce:/internal/x/prerequisite-imports as file:///D:/LearningFrameWork/MobaYan/Moba/Src/Client/assets/Scripts/UI/Common/ScrollView/List.ts.
debug: Resolve file:///D:/LearningFrameWork/MobaYan/Moba/Src/Client/assets/Scripts/UI/Common/TabView/TabButton.ts from cce:/internal/x/prerequisite-imports as file:///D:/LearningFrameWork/MobaYan/Moba/Src/Client/assets/Scripts/UI/Common/TabView/TabButton.ts.
debug: Resolve file:///D:/LearningFrameWork/MobaYan/Moba/Src/Client/assets/Scripts/UI/Common/TabView/TabView.ts from cce:/internal/x/prerequisite-imports as file:///D:/LearningFrameWork/MobaYan/Moba/Src/Client/assets/Scripts/UI/Common/TabView/TabView.ts.
debug: Resolve file:///D:/LearningFrameWork/MobaYan/Moba/Src/Client/assets/Scripts/UI/Common/UIInputBox.ts from cce:/internal/x/prerequisite-imports as file:///D:/LearningFrameWork/MobaYan/Moba/Src/Client/assets/Scripts/UI/Common/UIInputBox.ts.
debug: Resolve file:///D:/LearningFrameWork/MobaYan/Moba/Src/Client/assets/Scripts/UI/Common/UIManager.ts from cce:/internal/x/prerequisite-imports as file:///D:/LearningFrameWork/MobaYan/Moba/Src/Client/assets/Scripts/UI/Common/UIManager.ts.
debug: Resolve file:///D:/LearningFrameWork/MobaYan/Moba/Src/Client/assets/Scripts/UI/Common/UIMessageBox.ts from cce:/internal/x/prerequisite-imports as file:///D:/LearningFrameWork/MobaYan/Moba/Src/Client/assets/Scripts/UI/Common/UIMessageBox.ts.
debug: Resolve file:///D:/LearningFrameWork/MobaYan/Moba/Src/Client/assets/Scripts/UI/Follow/UIFollow.ts from cce:/internal/x/prerequisite-imports as file:///D:/LearningFrameWork/MobaYan/Moba/Src/Client/assets/Scripts/UI/Follow/UIFollow.ts.
debug: Resolve file:///D:/LearningFrameWork/MobaYan/Moba/Src/Client/assets/Scripts/UI/Common/UITips.ts from cce:/internal/x/prerequisite-imports as file:///D:/LearningFrameWork/MobaYan/Moba/Src/Client/assets/Scripts/UI/Common/UITips.ts.
debug: Resolve file:///D:/LearningFrameWork/MobaYan/Moba/Src/Client/assets/Scripts/UI/Common/UIWindow.ts from cce:/internal/x/prerequisite-imports as file:///D:/LearningFrameWork/MobaYan/Moba/Src/Client/assets/Scripts/UI/Common/UIWindow.ts.
debug: Resolve file:///D:/LearningFrameWork/MobaYan/Moba/Src/Client/assets/Scripts/UI/Follow/UIFollowItem.ts from cce:/internal/x/prerequisite-imports as file:///D:/LearningFrameWork/MobaYan/Moba/Src/Client/assets/Scripts/UI/Follow/UIFollowItem.ts.
debug: Resolve file:///D:/LearningFrameWork/MobaYan/Moba/Src/Client/assets/Scripts/UI/FollowLive/UIFollowLive.ts from cce:/internal/x/prerequisite-imports as file:///D:/LearningFrameWork/MobaYan/Moba/Src/Client/assets/Scripts/UI/FollowLive/UIFollowLive.ts.
debug: Resolve file:///D:/LearningFrameWork/MobaYan/Moba/Src/Client/assets/Scripts/UI/Match/UIEnterGameLoad.ts from cce:/internal/x/prerequisite-imports as file:///D:/LearningFrameWork/MobaYan/Moba/Src/Client/assets/Scripts/UI/Match/UIEnterGameLoad.ts.
debug: Resolve file:///D:/LearningFrameWork/MobaYan/Moba/Src/Client/assets/Scripts/UI/FollowLive/UIFollowLiveItem.ts from cce:/internal/x/prerequisite-imports as file:///D:/LearningFrameWork/MobaYan/Moba/Src/Client/assets/Scripts/UI/FollowLive/UIFollowLiveItem.ts.
debug: Resolve file:///D:/LearningFrameWork/MobaYan/Moba/Src/Client/assets/Scripts/UI/Match/UIMatchWait.ts from cce:/internal/x/prerequisite-imports as file:///D:/LearningFrameWork/MobaYan/Moba/Src/Client/assets/Scripts/UI/Match/UIMatchWait.ts.
debug: Resolve file:///D:/LearningFrameWork/MobaYan/Moba/Src/Client/assets/Scripts/UI/PowerRanking/UIPowerRanking.ts from cce:/internal/x/prerequisite-imports as file:///D:/LearningFrameWork/MobaYan/Moba/Src/Client/assets/Scripts/UI/PowerRanking/UIPowerRanking.ts.
debug: Resolve file:///D:/LearningFrameWork/MobaYan/Moba/Src/Client/assets/Scripts/UI/Room/UIInvite.ts from cce:/internal/x/prerequisite-imports as file:///D:/LearningFrameWork/MobaYan/Moba/Src/Client/assets/Scripts/UI/Room/UIInvite.ts.
debug: Resolve file:///D:/LearningFrameWork/MobaYan/Moba/Src/Client/assets/Scripts/UI/PowerRanking/UIPowerRankingItem.ts from cce:/internal/x/prerequisite-imports as file:///D:/LearningFrameWork/MobaYan/Moba/Src/Client/assets/Scripts/UI/PowerRanking/UIPowerRankingItem.ts.
debug: Resolve file:///D:/LearningFrameWork/MobaYan/Moba/Src/Client/assets/Scripts/UI/Room/UIInviteItem.ts from cce:/internal/x/prerequisite-imports as file:///D:/LearningFrameWork/MobaYan/Moba/Src/Client/assets/Scripts/UI/Room/UIInviteItem.ts.
debug: Resolve file:///D:/LearningFrameWork/MobaYan/Moba/Src/Client/assets/Scripts/UI/Room/UIRoom.ts from cce:/internal/x/prerequisite-imports as file:///D:/LearningFrameWork/MobaYan/Moba/Src/Client/assets/Scripts/UI/Room/UIRoom.ts.
debug: Resolve file:///D:/LearningFrameWork/MobaYan/Moba/Src/Client/assets/Scripts/UI/Shop/UIShop.ts from cce:/internal/x/prerequisite-imports as file:///D:/LearningFrameWork/MobaYan/Moba/Src/Client/assets/Scripts/UI/Shop/UIShop.ts.
debug: Resolve file:///D:/LearningFrameWork/MobaYan/Moba/Src/Client/assets/Scripts/UI/Shop/UIShopDetailItem.ts from cce:/internal/x/prerequisite-imports as file:///D:/LearningFrameWork/MobaYan/Moba/Src/Client/assets/Scripts/UI/Shop/UIShopDetailItem.ts.
debug: Resolve file:///D:/LearningFrameWork/MobaYan/Moba/Src/Client/assets/Scripts/UI/TipsManager.ts from cce:/internal/x/prerequisite-imports as file:///D:/LearningFrameWork/MobaYan/Moba/Src/Client/assets/Scripts/UI/TipsManager.ts.
debug: Resolve file:///D:/LearningFrameWork/MobaYan/Moba/Src/Client/assets/Scripts/UI/Shop/UIShopItem.ts from cce:/internal/x/prerequisite-imports as file:///D:/LearningFrameWork/MobaYan/Moba/Src/Client/assets/Scripts/UI/Shop/UIShopItem.ts.
debug: Resolve file:///D:/LearningFrameWork/MobaYan/Moba/Src/Client/assets/Scripts/UI/Tran/UITran.ts from cce:/internal/x/prerequisite-imports as file:///D:/LearningFrameWork/MobaYan/Moba/Src/Client/assets/Scripts/UI/Tran/UITran.ts.
debug: Resolve file:///D:/LearningFrameWork/MobaYan/Moba/Src/Client/assets/Scripts/UI/Tran/UITranDetailItem.ts from cce:/internal/x/prerequisite-imports as file:///D:/LearningFrameWork/MobaYan/Moba/Src/Client/assets/Scripts/UI/Tran/UITranDetailItem.ts.
debug: Resolve file:///D:/LearningFrameWork/MobaYan/Moba/Src/Client/assets/Scripts/UI/Tran/UITranItem.ts from cce:/internal/x/prerequisite-imports as file:///D:/LearningFrameWork/MobaYan/Moba/Src/Client/assets/Scripts/UI/Tran/UITranItem.ts.
debug: Resolve file:///D:/LearningFrameWork/MobaYan/Moba/Src/Client/assets/Scripts/UI/UICharacterDetail/UICharacterDetail.ts from cce:/internal/x/prerequisite-imports as file:///D:/LearningFrameWork/MobaYan/Moba/Src/Client/assets/Scripts/UI/UICharacterDetail/UICharacterDetail.ts.
debug: Resolve file:///D:/LearningFrameWork/MobaYan/Moba/Src/Client/assets/Scripts/UI/UICharacterDetail/UIPromote.ts from cce:/internal/x/prerequisite-imports as file:///D:/LearningFrameWork/MobaYan/Moba/Src/Client/assets/Scripts/UI/UICharacterDetail/UIPromote.ts.
debug: Resolve file:///D:/LearningFrameWork/MobaYan/Moba/Src/Client/assets/Scripts/UI/UILogin.ts from cce:/internal/x/prerequisite-imports as file:///D:/LearningFrameWork/MobaYan/Moba/Src/Client/assets/Scripts/UI/UILogin.ts.
debug: Resolve file:///D:/LearningFrameWork/MobaYan/Moba/Src/Client/assets/Scripts/UI/UIMain.ts from cce:/internal/x/prerequisite-imports as file:///D:/LearningFrameWork/MobaYan/Moba/Src/Client/assets/Scripts/UI/UIMain.ts.
debug: Resolve file:///D:/LearningFrameWork/MobaYan/Moba/Src/Client/assets/Scripts/Utils/DataUtil.ts from cce:/internal/x/prerequisite-imports as file:///D:/LearningFrameWork/MobaYan/Moba/Src/Client/assets/Scripts/Utils/DataUtil.ts.
debug: Resolve file:///D:/LearningFrameWork/MobaYan/Moba/Src/Client/assets/Scripts/Utils/DateUtil.ts from cce:/internal/x/prerequisite-imports as file:///D:/LearningFrameWork/MobaYan/Moba/Src/Client/assets/Scripts/Utils/DateUtil.ts.
debug: Resolve file:///D:/LearningFrameWork/MobaYan/Moba/Src/Client/assets/Scripts/UI/UISystemConfig.ts from cce:/internal/x/prerequisite-imports as file:///D:/LearningFrameWork/MobaYan/Moba/Src/Client/assets/Scripts/UI/UISystemConfig.ts.
debug: Resolve file:///D:/LearningFrameWork/MobaYan/Moba/Src/Client/assets/Scripts/Utils/GlobalPool.ts from cce:/internal/x/prerequisite-imports as file:///D:/LearningFrameWork/MobaYan/Moba/Src/Client/assets/Scripts/Utils/GlobalPool.ts.
debug: Resolve file:///D:/LearningFrameWork/MobaYan/Moba/Src/Client/assets/Scripts/Utils/HashMap.ts from cce:/internal/x/prerequisite-imports as file:///D:/LearningFrameWork/MobaYan/Moba/Src/Client/assets/Scripts/Utils/HashMap.ts.
debug: Resolve file:///D:/LearningFrameWork/MobaYan/Moba/Src/Client/assets/Scripts/Utils/LoadResUtil.ts from cce:/internal/x/prerequisite-imports as file:///D:/LearningFrameWork/MobaYan/Moba/Src/Client/assets/Scripts/Utils/LoadResUtil.ts.
debug: Resolve file:///D:/LearningFrameWork/MobaYan/Moba/Src/Client/assets/Scripts/Utils/LocalStorageUtil.ts from cce:/internal/x/prerequisite-imports as file:///D:/LearningFrameWork/MobaYan/Moba/Src/Client/assets/Scripts/Utils/LocalStorageUtil.ts.
debug: Resolve file:///D:/LearningFrameWork/MobaYan/Moba/Src/Client/assets/Scripts/Utils/MathUtil.ts from cce:/internal/x/prerequisite-imports as file:///D:/LearningFrameWork/MobaYan/Moba/Src/Client/assets/Scripts/Utils/MathUtil.ts.
debug: Resolve file:///D:/LearningFrameWork/MobaYan/Moba/Src/Client/assets/Scripts/Vo/ChatUserVo.ts from cce:/internal/x/prerequisite-imports as file:///D:/LearningFrameWork/MobaYan/Moba/Src/Client/assets/Scripts/Vo/ChatUserVo.ts.
debug: Resolve file:///D:/LearningFrameWork/MobaYan/Moba/Src/Client/assets/Scripts/Utils/Validate.ts from cce:/internal/x/prerequisite-imports as file:///D:/LearningFrameWork/MobaYan/Moba/Src/Client/assets/Scripts/Utils/Validate.ts.
debug: Resolve file:///D:/LearningFrameWork/MobaYan/Moba/Src/Client/assets/Sound/SoundConfig.ts from cce:/internal/x/prerequisite-imports as file:///D:/LearningFrameWork/MobaYan/Moba/Src/Client/assets/Sound/SoundConfig.ts.
debug: Resolve file:///D:/LearningFrameWork/MobaYan/Moba/Src/Client/assets/Scripts/Vo/RockerSpeedVo.ts from cce:/internal/x/prerequisite-imports as file:///D:/LearningFrameWork/MobaYan/Moba/Src/Client/assets/Scripts/Vo/RockerSpeedVo.ts.
debug: Resolve file:///D:/LearningFrameWork/MobaYan/Moba/Src/Client/assets/Scripts/Vo/MinimapBoxVo.ts from cce:/internal/x/prerequisite-imports as file:///D:/LearningFrameWork/MobaYan/Moba/Src/Client/assets/Scripts/Vo/MinimapBoxVo.ts.
debug: Resolve file:///D:/LearningFrameWork/MobaYan/Moba/Src/Client/assets/Sound/SoundManager.ts from cce:/internal/x/prerequisite-imports as file:///D:/LearningFrameWork/MobaYan/Moba/Src/Client/assets/Sound/SoundManager.ts.
debug: Resolve file:///D:/LearningFrameWork/MobaYan/Moba/Src/Client/assets/Sound/SoundDefine.ts from cce:/internal/x/prerequisite-imports as file:///D:/LearningFrameWork/MobaYan/Moba/Src/Client/assets/Sound/SoundDefine.ts.
debug: Resolve file:///D:/LearningFrameWork/MobaYan/Moba/Src/Client/assets/migrate-canvas.ts from cce:/internal/x/prerequisite-imports as file:///D:/LearningFrameWork/MobaYan/Moba/Src/Client/assets/migrate-canvas.ts.
debug: Resolve file:///D:/LearningFrameWork/MobaYan/Moba/Src/Client/assets/resources/Battle/Effects/FX/Scripts/DelayActiveChild.ts from cce:/internal/x/prerequisite-imports as file:///D:/LearningFrameWork/MobaYan/Moba/Src/Client/assets/resources/Battle/Effects/FX/Scripts/DelayActiveChild.ts.
debug: Detected change: cce:/internal/code-quality/cr.mjs. Last mtime: Tue Sep 06 2022 19:15:06 GMT+0800 (中国标准时间), Current mtime: Tue Sep 13 2022 16:05:33 GMT+0800 (中国标准时间)
debug: Inspect cce:/internal/code-quality/cr.mjs
debug: Detected change: cce:/internal/ml/cjs-loader.mjs. Last mtime: Tue Sep 06 2022 19:15:06 GMT+0800 (中国标准时间), Current mtime: Tue Sep 13 2022 16:05:33 GMT+0800 (中国标准时间)
debug: Inspect cce:/internal/ml/cjs-loader.mjs
debug: Create cjs interop url for 'file:///D:/LearningFrameWork/MobaYan/Moba/Src/Client/assets/Proto/proto.js'
debug: Resolve file:///D:/LearningFrameWork/MobaYan/Moba/Src/Client/assets/Proto/proto.js from cce:/internal/x/prerequisite-imports as file:///D:/LearningFrameWork/MobaYan/Moba/Src/Client/assets/Proto/proto.mjs?cjs=&original=.js.
debug: Create cjs interop url for 'file:///D:/LearningFrameWork/MobaYan/Moba/Src/Client/assets/Proto/Battle/proto.js'
debug: Resolve file:///D:/LearningFrameWork/MobaYan/Moba/Src/Client/assets/Proto/Battle/proto.js from cce:/internal/x/prerequisite-imports as file:///D:/LearningFrameWork/MobaYan/Moba/Src/Client/assets/Proto/Battle/proto.mjs?cjs=&original=.js.
debug: Target(editor) ends with cost 344.68609999865294ms.
debug: Target(preview) build started.
debug: Detected change: cce:/internal/x/cc. Last mtime: Thu Jan 01 1970 08:00:05 GMT+0800 (中国标准时间), Current mtime: Thu Jan 01 1970 08:00:05 GMT+0800 (中国标准时间)
debug: Inspect cce:/internal/x/cc
debug: Resolve cce:/internal/x/cc-fu/base from cce:/internal/x/cc as external dependency cce:/internal/x/cc-fu/base.
debug: Resolve cce:/internal/x/cc-fu/gfx-webgl from cce:/internal/x/cc as external dependency cce:/internal/x/cc-fu/gfx-webgl.
debug: Resolve cce:/internal/x/cc-fu/gfx-webgl2 from cce:/internal/x/cc as external dependency cce:/internal/x/cc-fu/gfx-webgl2.
debug: Resolve cce:/internal/x/cc-fu/3d from cce:/internal/x/cc as external dependency cce:/internal/x/cc-fu/3d.
debug: Resolve cce:/internal/x/cc-fu/2d from cce:/internal/x/cc as external dependency cce:/internal/x/cc-fu/2d.
debug: Resolve cce:/internal/x/cc-fu/ui from cce:/internal/x/cc as external dependency cce:/internal/x/cc-fu/ui.
debug: Resolve cce:/internal/x/cc-fu/particle from cce:/internal/x/cc as external dependency cce:/internal/x/cc-fu/particle.
debug: Resolve cce:/internal/x/cc-fu/primitive from cce:/internal/x/cc as external dependency cce:/internal/x/cc-fu/primitive.
debug: Resolve cce:/internal/x/cc-fu/profiler from cce:/internal/x/cc as external dependency cce:/internal/x/cc-fu/profiler.
debug: Resolve cce:/internal/x/cc-fu/audio from cce:/internal/x/cc as external dependency cce:/internal/x/cc-fu/audio.
debug: Resolve cce:/internal/x/cc-fu/video from cce:/internal/x/cc as external dependency cce:/internal/x/cc-fu/video.
debug: Resolve cce:/internal/x/cc-fu/webview from cce:/internal/x/cc as external dependency cce:/internal/x/cc-fu/webview.
debug: Resolve cce:/internal/x/cc-fu/tween from cce:/internal/x/cc as external dependency cce:/internal/x/cc-fu/tween.
debug: Resolve cce:/internal/x/cc-fu/terrain from cce:/internal/x/cc as external dependency cce:/internal/x/cc-fu/terrain.
debug: Detected change: cce:/internal/x/prerequisite-imports. Last mtime: Thu Jan 01 1970 08:00:10 GMT+0800 (中国标准时间), Current mtime: Thu Jan 01 1970 08:00:11 GMT+0800 (中国标准时间)
debug: Inspect cce:/internal/x/prerequisite-imports
debug: Resolve file:///D:/LearningFrameWork/MobaYan/Moba/Src/Client/assets/Scripts/Data/AddAttrDefine.ts from cce:/internal/x/prerequisite-imports as file:///D:/LearningFrameWork/MobaYan/Moba/Src/Client/assets/Scripts/Data/AddAttrDefine.ts.
debug: Resolve file:///D:/LearningFrameWork/MobaYan/Moba/Src/Client/assets/Scripts/Data/BuffDefine.ts from cce:/internal/x/prerequisite-imports as file:///D:/LearningFrameWork/MobaYan/Moba/Src/Client/assets/Scripts/Data/BuffDefine.ts.
debug: Resolve file:///D:/LearningFrameWork/MobaYan/Moba/Src/Client/assets/Scripts/Data/GameConfig.ts from cce:/internal/x/prerequisite-imports as file:///D:/LearningFrameWork/MobaYan/Moba/Src/Client/assets/Scripts/Data/GameConfig.ts.
debug: Resolve file:///D:/LearningFrameWork/MobaYan/Moba/Src/Client/assets/Scripts/Data/CharacterDefine.ts from cce:/internal/x/prerequisite-imports as file:///D:/LearningFrameWork/MobaYan/Moba/Src/Client/assets/Scripts/Data/CharacterDefine.ts.
debug: Resolve file:///D:/LearningFrameWork/MobaYan/Moba/Src/Client/assets/Scripts/Data/ItemDefine.ts from cce:/internal/x/prerequisite-imports as file:///D:/LearningFrameWork/MobaYan/Moba/Src/Client/assets/Scripts/Data/ItemDefine.ts.
debug: Resolve file:///D:/LearningFrameWork/MobaYan/Moba/Src/Client/assets/Scripts/Data/ShopDefine.ts from cce:/internal/x/prerequisite-imports as file:///D:/LearningFrameWork/MobaYan/Moba/Src/Client/assets/Scripts/Data/ShopDefine.ts.
debug: Resolve file:///D:/LearningFrameWork/MobaYan/Moba/Src/Client/assets/Scripts/Data/ShopItemDefine.ts from cce:/internal/x/prerequisite-imports as file:///D:/LearningFrameWork/MobaYan/Moba/Src/Client/assets/Scripts/Data/ShopItemDefine.ts.
debug: Resolve file:///D:/LearningFrameWork/MobaYan/Moba/Src/Client/assets/Scripts/LoadingManager.ts from cce:/internal/x/prerequisite-imports as file:///D:/LearningFrameWork/MobaYan/Moba/Src/Client/assets/Scripts/LoadingManager.ts.
debug: Resolve file:///D:/LearningFrameWork/MobaYan/Moba/Src/Client/assets/Scripts/Log/LogUtil.ts from cce:/internal/x/prerequisite-imports as file:///D:/LearningFrameWork/MobaYan/Moba/Src/Client/assets/Scripts/Log/LogUtil.ts.
debug: Resolve file:///D:/LearningFrameWork/MobaYan/Moba/Src/Client/assets/Scripts/Managers/ChatManager.ts from cce:/internal/x/prerequisite-imports as file:///D:/LearningFrameWork/MobaYan/Moba/Src/Client/assets/Scripts/Managers/ChatManager.ts.
debug: Resolve file:///D:/LearningFrameWork/MobaYan/Moba/Src/Client/assets/Scripts/Data/SpawnRuleDefine.ts from cce:/internal/x/prerequisite-imports as file:///D:/LearningFrameWork/MobaYan/Moba/Src/Client/assets/Scripts/Data/SpawnRuleDefine.ts.
debug: Resolve file:///D:/LearningFrameWork/MobaYan/Moba/Src/Client/assets/Scripts/Data/SkillDefine.ts from cce:/internal/x/prerequisite-imports as file:///D:/LearningFrameWork/MobaYan/Moba/Src/Client/assets/Scripts/Data/SkillDefine.ts.
debug: Resolve file:///D:/LearningFrameWork/MobaYan/Moba/Src/Client/assets/Scripts/Managers/CombatPowerRankingManager.ts from cce:/internal/x/prerequisite-imports as file:///D:/LearningFrameWork/MobaYan/Moba/Src/Client/assets/Scripts/Managers/CombatPowerRankingManager.ts.
debug: Resolve file:///D:/LearningFrameWork/MobaYan/Moba/Src/Client/assets/Scripts/Managers/DataManager.ts from cce:/internal/x/prerequisite-imports as file:///D:/LearningFrameWork/MobaYan/Moba/Src/Client/assets/Scripts/Managers/DataManager.ts.
debug: Resolve file:///D:/LearningFrameWork/MobaYan/Moba/Src/Client/assets/Scripts/Models/User.ts from cce:/internal/x/prerequisite-imports as file:///D:/LearningFrameWork/MobaYan/Moba/Src/Client/assets/Scripts/Models/User.ts.
debug: Resolve file:///D:/LearningFrameWork/MobaYan/Moba/Src/Client/assets/Scripts/Network/Battle/NetClientBattle.ts from cce:/internal/x/prerequisite-imports as file:///D:/LearningFrameWork/MobaYan/Moba/Src/Client/assets/Scripts/Network/Battle/NetClientBattle.ts.
debug: Resolve file:///D:/LearningFrameWork/MobaYan/Moba/Src/Client/assets/Scripts/Managers/FollowManager.ts from cce:/internal/x/prerequisite-imports as file:///D:/LearningFrameWork/MobaYan/Moba/Src/Client/assets/Scripts/Managers/FollowManager.ts.
debug: Resolve file:///D:/LearningFrameWork/MobaYan/Moba/Src/Client/assets/Scripts/Managers/ItemManager.ts from cce:/internal/x/prerequisite-imports as file:///D:/LearningFrameWork/MobaYan/Moba/Src/Client/assets/Scripts/Managers/ItemManager.ts.
debug: Resolve file:///D:/LearningFrameWork/MobaYan/Moba/Src/Client/assets/Scripts/Network/MessageDispatch.ts from cce:/internal/x/prerequisite-imports as file:///D:/LearningFrameWork/MobaYan/Moba/Src/Client/assets/Scripts/Network/MessageDispatch.ts.
debug: Resolve file:///D:/LearningFrameWork/MobaYan/Moba/Src/Client/assets/Scripts/Services/AuctionService.ts from cce:/internal/x/prerequisite-imports as file:///D:/LearningFrameWork/MobaYan/Moba/Src/Client/assets/Scripts/Services/AuctionService.ts.
debug: Resolve file:///D:/LearningFrameWork/MobaYan/Moba/Src/Client/assets/Scripts/Network/NetClient.ts from cce:/internal/x/prerequisite-imports as file:///D:/LearningFrameWork/MobaYan/Moba/Src/Client/assets/Scripts/Network/NetClient.ts.
debug: Resolve file:///D:/LearningFrameWork/MobaYan/Moba/Src/Client/assets/Scripts/Services/BattleService.ts from cce:/internal/x/prerequisite-imports as file:///D:/LearningFrameWork/MobaYan/Moba/Src/Client/assets/Scripts/Services/BattleService.ts.
debug: Resolve file:///D:/LearningFrameWork/MobaYan/Moba/Src/Client/assets/Scripts/Network/NetConfig.ts from cce:/internal/x/prerequisite-imports as file:///D:/LearningFrameWork/MobaYan/Moba/Src/Client/assets/Scripts/Network/NetConfig.ts.
debug: Resolve file:///D:/LearningFrameWork/MobaYan/Moba/Src/Client/assets/Scripts/Network/SocketConst.ts from cce:/internal/x/prerequisite-imports as file:///D:/LearningFrameWork/MobaYan/Moba/Src/Client/assets/Scripts/Network/SocketConst.ts.
debug: Resolve file:///D:/LearningFrameWork/MobaYan/Moba/Src/Client/assets/Scripts/Services/ChatService.ts from cce:/internal/x/prerequisite-imports as file:///D:/LearningFrameWork/MobaYan/Moba/Src/Client/assets/Scripts/Services/ChatService.ts.
debug: Resolve file:///D:/LearningFrameWork/MobaYan/Moba/Src/Client/assets/Scripts/Services/FollowService.ts from cce:/internal/x/prerequisite-imports as file:///D:/LearningFrameWork/MobaYan/Moba/Src/Client/assets/Scripts/Services/FollowService.ts.
debug: Resolve file:///D:/LearningFrameWork/MobaYan/Moba/Src/Client/assets/Scripts/Services/ItemService.ts from cce:/internal/x/prerequisite-imports as file:///D:/LearningFrameWork/MobaYan/Moba/Src/Client/assets/Scripts/Services/ItemService.ts.
debug: Resolve file:///D:/LearningFrameWork/MobaYan/Moba/Src/Client/assets/Scripts/Services/MatchService.ts from cce:/internal/x/prerequisite-imports as file:///D:/LearningFrameWork/MobaYan/Moba/Src/Client/assets/Scripts/Services/MatchService.ts.
debug: Resolve file:///D:/LearningFrameWork/MobaYan/Moba/Src/Client/assets/Scripts/Services/RoomService.ts from cce:/internal/x/prerequisite-imports as file:///D:/LearningFrameWork/MobaYan/Moba/Src/Client/assets/Scripts/Services/RoomService.ts.
debug: Resolve file:///D:/LearningFrameWork/MobaYan/Moba/Src/Client/assets/Scripts/Services/StatusService.ts from cce:/internal/x/prerequisite-imports as file:///D:/LearningFrameWork/MobaYan/Moba/Src/Client/assets/Scripts/Services/StatusService.ts.
debug: Resolve file:///D:/LearningFrameWork/MobaYan/Moba/Src/Client/assets/Scripts/UI/Auction/UIAuction.ts from cce:/internal/x/prerequisite-imports as file:///D:/LearningFrameWork/MobaYan/Moba/Src/Client/assets/Scripts/UI/Auction/UIAuction.ts.
debug: Resolve file:///D:/LearningFrameWork/MobaYan/Moba/Src/Client/assets/Scripts/Services/UserService.ts from cce:/internal/x/prerequisite-imports as file:///D:/LearningFrameWork/MobaYan/Moba/Src/Client/assets/Scripts/Services/UserService.ts.
debug: Resolve file:///D:/LearningFrameWork/MobaYan/Moba/Src/Client/assets/Scripts/Services/TipsService.ts from cce:/internal/x/prerequisite-imports as file:///D:/LearningFrameWork/MobaYan/Moba/Src/Client/assets/Scripts/Services/TipsService.ts.
debug: Resolve file:///D:/LearningFrameWork/MobaYan/Moba/Src/Client/assets/Scripts/UI/Auction/UIAuctionDetailItem.ts from cce:/internal/x/prerequisite-imports as file:///D:/LearningFrameWork/MobaYan/Moba/Src/Client/assets/Scripts/UI/Auction/UIAuctionDetailItem.ts.
debug: Resolve file:///D:/LearningFrameWork/MobaYan/Moba/Src/Client/assets/Scripts/UI/Auction/UIAuctionItem.ts from cce:/internal/x/prerequisite-imports as file:///D:/LearningFrameWork/MobaYan/Moba/Src/Client/assets/Scripts/UI/Auction/UIAuctionItem.ts.
debug: Resolve file:///D:/LearningFrameWork/MobaYan/Moba/Src/Client/assets/Scripts/UI/Battle/Attribute/AttributeData.ts from cce:/internal/x/prerequisite-imports as file:///D:/LearningFrameWork/MobaYan/Moba/Src/Client/assets/Scripts/UI/Battle/Attribute/AttributeData.ts.
debug: Resolve file:///D:/LearningFrameWork/MobaYan/Moba/Src/Client/assets/Scripts/UI/Bag/UIBag.ts from cce:/internal/x/prerequisite-imports as file:///D:/LearningFrameWork/MobaYan/Moba/Src/Client/assets/Scripts/UI/Bag/UIBag.ts.
debug: Resolve file:///D:/LearningFrameWork/MobaYan/Moba/Src/Client/assets/Scripts/UI/Bag/UIBagItem.ts from cce:/internal/x/prerequisite-imports as file:///D:/LearningFrameWork/MobaYan/Moba/Src/Client/assets/Scripts/UI/Bag/UIBagItem.ts.
debug: Resolve file:///D:/LearningFrameWork/MobaYan/Moba/Src/Client/assets/Scripts/UI/Bag/UIBagDetailItem.ts from cce:/internal/x/prerequisite-imports as file:///D:/LearningFrameWork/MobaYan/Moba/Src/Client/assets/Scripts/UI/Bag/UIBagDetailItem.ts.
debug: Resolve file:///D:/LearningFrameWork/MobaYan/Moba/Src/Client/assets/Scripts/UI/Battle/Attribute/AttributeType.ts from cce:/internal/x/prerequisite-imports as file:///D:/LearningFrameWork/MobaYan/Moba/Src/Client/assets/Scripts/UI/Battle/Attribute/AttributeType.ts.
debug: Resolve file:///D:/LearningFrameWork/MobaYan/Moba/Src/Client/assets/Scripts/UI/Battle/Attribute/Attributes.ts from cce:/internal/x/prerequisite-imports as file:///D:/LearningFrameWork/MobaYan/Moba/Src/Client/assets/Scripts/UI/Battle/Attribute/Attributes.ts.
debug: Resolve file:///D:/LearningFrameWork/MobaYan/Moba/Src/Client/assets/Scripts/UI/Battle/Effects/EffectController.ts from cce:/internal/x/prerequisite-imports as file:///D:/LearningFrameWork/MobaYan/Moba/Src/Client/assets/Scripts/UI/Battle/Effects/EffectController.ts.
debug: Resolve file:///D:/LearningFrameWork/MobaYan/Moba/Src/Client/assets/Scripts/UI/Battle/Effects/AnimationEventController.ts from cce:/internal/x/prerequisite-imports as file:///D:/LearningFrameWork/MobaYan/Moba/Src/Client/assets/Scripts/UI/Battle/Effects/AnimationEventController.ts.
debug: Resolve file:///D:/LearningFrameWork/MobaYan/Moba/Src/Client/assets/Scripts/UI/Battle/Effects/EffectType.ts from cce:/internal/x/prerequisite-imports as file:///D:/LearningFrameWork/MobaYan/Moba/Src/Client/assets/Scripts/UI/Battle/Effects/EffectType.ts.
debug: Resolve file:///D:/LearningFrameWork/MobaYan/Moba/Src/Client/assets/Scripts/UI/Battle/Effects/EntityEffectManager.ts from cce:/internal/x/prerequisite-imports as file:///D:/LearningFrameWork/MobaYan/Moba/Src/Client/assets/Scripts/UI/Battle/Effects/EntityEffectManager.ts.
debug: Resolve file:///D:/LearningFrameWork/MobaYan/Moba/Src/Client/assets/Scripts/UI/Battle/Effects/FXManager.ts from cce:/internal/x/prerequisite-imports as file:///D:/LearningFrameWork/MobaYan/Moba/Src/Client/assets/Scripts/UI/Battle/Effects/FXManager.ts.
debug: Resolve file:///D:/LearningFrameWork/MobaYan/Moba/Src/Client/assets/Scripts/UI/Battle/Managers/AiManager.ts from cce:/internal/x/prerequisite-imports as file:///D:/LearningFrameWork/MobaYan/Moba/Src/Client/assets/Scripts/UI/Battle/Managers/AiManager.ts.
debug: Resolve file:///D:/LearningFrameWork/MobaYan/Moba/Src/Client/assets/Scripts/UI/Battle/Enities/Creature.ts from cce:/internal/x/prerequisite-imports as file:///D:/LearningFrameWork/MobaYan/Moba/Src/Client/assets/Scripts/UI/Battle/Enities/Creature.ts.
debug: Resolve file:///D:/LearningFrameWork/MobaYan/Moba/Src/Client/assets/Scripts/UI/Battle/Managers/BattleManager.ts from cce:/internal/x/prerequisite-imports as file:///D:/LearningFrameWork/MobaYan/Moba/Src/Client/assets/Scripts/UI/Battle/Managers/BattleManager.ts.
debug: Resolve file:///D:/LearningFrameWork/MobaYan/Moba/Src/Client/assets/Scripts/UI/Battle/Managers/CharacterManager.ts from cce:/internal/x/prerequisite-imports as file:///D:/LearningFrameWork/MobaYan/Moba/Src/Client/assets/Scripts/UI/Battle/Managers/CharacterManager.ts.
debug: Resolve file:///D:/LearningFrameWork/MobaYan/Moba/Src/Client/assets/Scripts/UI/Battle/Managers/BuffManager.ts from cce:/internal/x/prerequisite-imports as file:///D:/LearningFrameWork/MobaYan/Moba/Src/Client/assets/Scripts/UI/Battle/Managers/BuffManager.ts.
debug: Resolve file:///D:/LearningFrameWork/MobaYan/Moba/Src/Client/assets/Scripts/UI/Battle/Managers/CollisionCheckManager.ts from cce:/internal/x/prerequisite-imports as file:///D:/LearningFrameWork/MobaYan/Moba/Src/Client/assets/Scripts/UI/Battle/Managers/CollisionCheckManager.ts.
debug: Resolve file:///D:/LearningFrameWork/MobaYan/Moba/Src/Client/assets/Scripts/UI/Battle/Managers/CreatureManager.ts from cce:/internal/x/prerequisite-imports as file:///D:/LearningFrameWork/MobaYan/Moba/Src/Client/assets/Scripts/UI/Battle/Managers/CreatureManager.ts.
debug: Resolve file:///D:/LearningFrameWork/MobaYan/Moba/Src/Client/assets/Scripts/UI/Battle/Managers/SkillManager.ts from cce:/internal/x/prerequisite-imports as file:///D:/LearningFrameWork/MobaYan/Moba/Src/Client/assets/Scripts/UI/Battle/Managers/SkillManager.ts.
debug: Resolve file:///D:/LearningFrameWork/MobaYan/Moba/Src/Client/assets/Scripts/UI/Battle/Minimap/UIMinimapCharacter.ts from cce:/internal/x/prerequisite-imports as file:///D:/LearningFrameWork/MobaYan/Moba/Src/Client/assets/Scripts/UI/Battle/Minimap/UIMinimapCharacter.ts.
debug: Resolve file:///D:/LearningFrameWork/MobaYan/Moba/Src/Client/assets/Scripts/UI/Battle/Managers/EffectManager.ts from cce:/internal/x/prerequisite-imports as file:///D:/LearningFrameWork/MobaYan/Moba/Src/Client/assets/Scripts/UI/Battle/Managers/EffectManager.ts.
debug: Resolve file:///D:/LearningFrameWork/MobaYan/Moba/Src/Client/assets/Scripts/UI/Battle/Managers/SpawnMonManager.ts from cce:/internal/x/prerequisite-imports as file:///D:/LearningFrameWork/MobaYan/Moba/Src/Client/assets/Scripts/UI/Battle/Managers/SpawnMonManager.ts.
debug: Resolve file:///D:/LearningFrameWork/MobaYan/Moba/Src/Client/assets/Scripts/UI/Battle/Minimap/UIMinimapManager.ts from cce:/internal/x/prerequisite-imports as file:///D:/LearningFrameWork/MobaYan/Moba/Src/Client/assets/Scripts/UI/Battle/Minimap/UIMinimapManager.ts.
debug: Resolve file:///D:/LearningFrameWork/MobaYan/Moba/Src/Client/assets/Scripts/UI/Battle/Models/Buff.ts from cce:/internal/x/prerequisite-imports as file:///D:/LearningFrameWork/MobaYan/Moba/Src/Client/assets/Scripts/UI/Battle/Models/Buff.ts.
debug: Resolve file:///D:/LearningFrameWork/MobaYan/Moba/Src/Client/assets/Scripts/UI/Battle/Models/BattleContext.ts from cce:/internal/x/prerequisite-imports as file:///D:/LearningFrameWork/MobaYan/Moba/Src/Client/assets/Scripts/UI/Battle/Models/BattleContext.ts.
debug: Resolve file:///D:/LearningFrameWork/MobaYan/Moba/Src/Client/assets/Scripts/UI/Battle/Models/Skill.ts from cce:/internal/x/prerequisite-imports as file:///D:/LearningFrameWork/MobaYan/Moba/Src/Client/assets/Scripts/UI/Battle/Models/Skill.ts.
debug: Resolve file:///D:/LearningFrameWork/MobaYan/Moba/Src/Client/assets/Scripts/UI/Battle/Models/Bullet.ts from cce:/internal/x/prerequisite-imports as file:///D:/LearningFrameWork/MobaYan/Moba/Src/Client/assets/Scripts/UI/Battle/Models/Bullet.ts.
debug: Resolve file:///D:/LearningFrameWork/MobaYan/Moba/Src/Client/assets/Scripts/UI/Battle/Skill/UISkillSlot.ts from cce:/internal/x/prerequisite-imports as file:///D:/LearningFrameWork/MobaYan/Moba/Src/Client/assets/Scripts/UI/Battle/Skill/UISkillSlot.ts.
debug: Resolve file:///D:/LearningFrameWork/MobaYan/Moba/Src/Client/assets/Scripts/UI/Battle/UIBattle.ts from cce:/internal/x/prerequisite-imports as file:///D:/LearningFrameWork/MobaYan/Moba/Src/Client/assets/Scripts/UI/Battle/UIBattle.ts.
debug: Resolve file:///D:/LearningFrameWork/MobaYan/Moba/Src/Client/assets/Scripts/UI/Battle/Skill/UISkillSlots.ts from cce:/internal/x/prerequisite-imports as file:///D:/LearningFrameWork/MobaYan/Moba/Src/Client/assets/Scripts/UI/Battle/Skill/UISkillSlots.ts.
debug: Resolve file:///D:/LearningFrameWork/MobaYan/Moba/Src/Client/assets/Scripts/UI/Battle/UIBattleChat.ts from cce:/internal/x/prerequisite-imports as file:///D:/LearningFrameWork/MobaYan/Moba/Src/Client/assets/Scripts/UI/Battle/UIBattleChat.ts.
debug: Resolve file:///D:/LearningFrameWork/MobaYan/Moba/Src/Client/assets/Scripts/UI/Battle/UIBattleChatItem.ts from cce:/internal/x/prerequisite-imports as file:///D:/LearningFrameWork/MobaYan/Moba/Src/Client/assets/Scripts/UI/Battle/UIBattleChatItem.ts.
debug: Resolve file:///D:/LearningFrameWork/MobaYan/Moba/Src/Client/assets/Scripts/UI/Battle/UIGameLoadIn.ts from cce:/internal/x/prerequisite-imports as file:///D:/LearningFrameWork/MobaYan/Moba/Src/Client/assets/Scripts/UI/Battle/UIGameLoadIn.ts.
debug: Resolve file:///D:/LearningFrameWork/MobaYan/Moba/Src/Client/assets/Scripts/UI/Battle/UIGameOver.ts from cce:/internal/x/prerequisite-imports as file:///D:/LearningFrameWork/MobaYan/Moba/Src/Client/assets/Scripts/UI/Battle/UIGameOver.ts.
debug: Resolve file:///D:/LearningFrameWork/MobaYan/Moba/Src/Client/assets/Scripts/UI/Battle/UIHpBar.ts from cce:/internal/x/prerequisite-imports as file:///D:/LearningFrameWork/MobaYan/Moba/Src/Client/assets/Scripts/UI/Battle/UIHpBar.ts.
debug: Resolve file:///D:/LearningFrameWork/MobaYan/Moba/Src/Client/assets/Scripts/UI/Battle/UILiveMsg.ts from cce:/internal/x/prerequisite-imports as file:///D:/LearningFrameWork/MobaYan/Moba/Src/Client/assets/Scripts/UI/Battle/UILiveMsg.ts.
debug: Resolve file:///D:/LearningFrameWork/MobaYan/Moba/Src/Client/assets/Scripts/UI/Battle/UIPopupText.ts from cce:/internal/x/prerequisite-imports as file:///D:/LearningFrameWork/MobaYan/Moba/Src/Client/assets/Scripts/UI/Battle/UIPopupText.ts.
debug: Resolve file:///D:/LearningFrameWork/MobaYan/Moba/Src/Client/assets/Scripts/UI/Battle/UIRocker.ts from cce:/internal/x/prerequisite-imports as file:///D:/LearningFrameWork/MobaYan/Moba/Src/Client/assets/Scripts/UI/Battle/UIRocker.ts.
debug: Resolve file:///D:/LearningFrameWork/MobaYan/Moba/Src/Client/assets/Scripts/UI/Battle/UITestFloat.ts from cce:/internal/x/prerequisite-imports as file:///D:/LearningFrameWork/MobaYan/Moba/Src/Client/assets/Scripts/UI/Battle/UITestFloat.ts.
debug: Resolve file:///D:/LearningFrameWork/MobaYan/Moba/Src/Client/assets/Scripts/UI/Battle/UIWorldElementManager.ts from cce:/internal/x/prerequisite-imports as file:///D:/LearningFrameWork/MobaYan/Moba/Src/Client/assets/Scripts/UI/Battle/UIWorldElementManager.ts.
debug: Resolve file:///D:/LearningFrameWork/MobaYan/Moba/Src/Client/assets/Scripts/UI/Battle/UIWorldElement.ts from cce:/internal/x/prerequisite-imports as file:///D:/LearningFrameWork/MobaYan/Moba/Src/Client/assets/Scripts/UI/Battle/UIWorldElement.ts.
debug: Resolve file:///D:/LearningFrameWork/MobaYan/Moba/Src/Client/assets/Scripts/UI/Battle/Utils/LogicRenderConvert.ts from cce:/internal/x/prerequisite-imports as file:///D:/LearningFrameWork/MobaYan/Moba/Src/Client/assets/Scripts/UI/Battle/Utils/LogicRenderConvert.ts.
debug: Resolve file:///D:/LearningFrameWork/MobaYan/Moba/Src/Client/assets/Scripts/UI/Battle/Utils/BattleGlobal.ts from cce:/internal/x/prerequisite-imports as file:///D:/LearningFrameWork/MobaYan/Moba/Src/Client/assets/Scripts/UI/Battle/Utils/BattleGlobal.ts.
debug: Resolve file:///D:/LearningFrameWork/MobaYan/Moba/Src/Client/assets/Scripts/UI/Battle/Utils/RandomUtil.ts from cce:/internal/x/prerequisite-imports as file:///D:/LearningFrameWork/MobaYan/Moba/Src/Client/assets/Scripts/UI/Battle/Utils/RandomUtil.ts.
debug: Resolve file:///D:/LearningFrameWork/MobaYan/Moba/Src/Client/assets/Scripts/UI/Battle/Vo/BuffInfo.ts from cce:/internal/x/prerequisite-imports as file:///D:/LearningFrameWork/MobaYan/Moba/Src/Client/assets/Scripts/UI/Battle/Vo/BuffInfo.ts.
debug: Resolve file:///D:/LearningFrameWork/MobaYan/Moba/Src/Client/assets/Scripts/UI/Battle/Vo/DamageInfo.ts from cce:/internal/x/prerequisite-imports as file:///D:/LearningFrameWork/MobaYan/Moba/Src/Client/assets/Scripts/UI/Battle/Vo/DamageInfo.ts.
debug: Resolve file:///D:/LearningFrameWork/MobaYan/Moba/Src/Client/assets/Scripts/UI/Battle/Vo/PositionVo.ts from cce:/internal/x/prerequisite-imports as file:///D:/LearningFrameWork/MobaYan/Moba/Src/Client/assets/Scripts/UI/Battle/Vo/PositionVo.ts.
debug: Resolve file:///D:/LearningFrameWork/MobaYan/Moba/Src/Client/assets/Scripts/UI/Battle/Vo/SkillHitInfo.ts from cce:/internal/x/prerequisite-imports as file:///D:/LearningFrameWork/MobaYan/Moba/Src/Client/assets/Scripts/UI/Battle/Vo/SkillHitInfo.ts.
debug: Resolve file:///D:/LearningFrameWork/MobaYan/Moba/Src/Client/assets/Scripts/UI/Battle/Vo/SkillTipsSize.ts from cce:/internal/x/prerequisite-imports as file:///D:/LearningFrameWork/MobaYan/Moba/Src/Client/assets/Scripts/UI/Battle/Vo/SkillTipsSize.ts.
debug: Resolve file:///D:/LearningFrameWork/MobaYan/Moba/Src/Client/assets/Scripts/UI/Battle/enums/BattleMode.ts from cce:/internal/x/prerequisite-imports as file:///D:/LearningFrameWork/MobaYan/Moba/Src/Client/assets/Scripts/UI/Battle/enums/BattleMode.ts.
debug: Resolve file:///D:/LearningFrameWork/MobaYan/Moba/Src/Client/assets/Scripts/UI/Battle/enums/AniState.ts from cce:/internal/x/prerequisite-imports as file:///D:/LearningFrameWork/MobaYan/Moba/Src/Client/assets/Scripts/UI/Battle/enums/AniState.ts.
debug: Resolve file:///D:/LearningFrameWork/MobaYan/Moba/Src/Client/assets/Scripts/UI/Battle/enums/BattleState.ts from cce:/internal/x/prerequisite-imports as file:///D:/LearningFrameWork/MobaYan/Moba/Src/Client/assets/Scripts/UI/Battle/enums/BattleState.ts.
debug: Resolve file:///D:/LearningFrameWork/MobaYan/Moba/Src/Client/assets/Scripts/UI/Battle/enums/BuffAction.ts from cce:/internal/x/prerequisite-imports as file:///D:/LearningFrameWork/MobaYan/Moba/Src/Client/assets/Scripts/UI/Battle/enums/BuffAction.ts.
debug: Resolve file:///D:/LearningFrameWork/MobaYan/Moba/Src/Client/assets/Scripts/UI/Battle/enums/BuffEffect.ts from cce:/internal/x/prerequisite-imports as file:///D:/LearningFrameWork/MobaYan/Moba/Src/Client/assets/Scripts/UI/Battle/enums/BuffEffect.ts.
debug: Resolve file:///D:/LearningFrameWork/MobaYan/Moba/Src/Client/assets/Scripts/UI/Battle/enums/CarDirType.ts from cce:/internal/x/prerequisite-imports as file:///D:/LearningFrameWork/MobaYan/Moba/Src/Client/assets/Scripts/UI/Battle/enums/CarDirType.ts.
debug: Resolve file:///D:/LearningFrameWork/MobaYan/Moba/Src/Client/assets/Scripts/UI/Battle/enums/CreatureType.ts from cce:/internal/x/prerequisite-imports as file:///D:/LearningFrameWork/MobaYan/Moba/Src/Client/assets/Scripts/UI/Battle/enums/CreatureType.ts.
debug: Resolve file:///D:/LearningFrameWork/MobaYan/Moba/Src/Client/assets/Scripts/UI/Battle/enums/GameStatus.ts from cce:/internal/x/prerequisite-imports as file:///D:/LearningFrameWork/MobaYan/Moba/Src/Client/assets/Scripts/UI/Battle/enums/GameStatus.ts.
debug: Resolve file:///D:/LearningFrameWork/MobaYan/Moba/Src/Client/assets/Scripts/UI/Battle/enums/HandlerFrameResult.ts from cce:/internal/x/prerequisite-imports as file:///D:/LearningFrameWork/MobaYan/Moba/Src/Client/assets/Scripts/UI/Battle/enums/HandlerFrameResult.ts.
debug: Resolve file:///D:/LearningFrameWork/MobaYan/Moba/Src/Client/assets/Scripts/UI/Battle/enums/OptType.ts from cce:/internal/x/prerequisite-imports as file:///D:/LearningFrameWork/MobaYan/Moba/Src/Client/assets/Scripts/UI/Battle/enums/OptType.ts.
debug: Resolve file:///D:/LearningFrameWork/MobaYan/Moba/Src/Client/assets/Scripts/UI/Battle/enums/PopupType.ts from cce:/internal/x/prerequisite-imports as file:///D:/LearningFrameWork/MobaYan/Moba/Src/Client/assets/Scripts/UI/Battle/enums/PopupType.ts.
debug: Resolve file:///D:/LearningFrameWork/MobaYan/Moba/Src/Client/assets/Scripts/UI/Battle/enums/ShapeType.ts from cce:/internal/x/prerequisite-imports as file:///D:/LearningFrameWork/MobaYan/Moba/Src/Client/assets/Scripts/UI/Battle/enums/ShapeType.ts.
debug: Resolve file:///D:/LearningFrameWork/MobaYan/Moba/Src/Client/assets/Scripts/UI/Battle/enums/SkillResult.ts from cce:/internal/x/prerequisite-imports as file:///D:/LearningFrameWork/MobaYan/Moba/Src/Client/assets/Scripts/UI/Battle/enums/SkillResult.ts.
debug: Resolve file:///D:/LearningFrameWork/MobaYan/Moba/Src/Client/assets/Scripts/UI/Battle/enums/SkillStatus.ts from cce:/internal/x/prerequisite-imports as file:///D:/LearningFrameWork/MobaYan/Moba/Src/Client/assets/Scripts/UI/Battle/enums/SkillStatus.ts.
debug: Resolve file:///D:/LearningFrameWork/MobaYan/Moba/Src/Client/assets/Scripts/UI/Battle/enums/SkillTipsType.ts from cce:/internal/x/prerequisite-imports as file:///D:/LearningFrameWork/MobaYan/Moba/Src/Client/assets/Scripts/UI/Battle/enums/SkillTipsType.ts.
debug: Resolve file:///D:/LearningFrameWork/MobaYan/Moba/Src/Client/assets/Scripts/UI/Battle/enums/SkillType.ts from cce:/internal/x/prerequisite-imports as file:///D:/LearningFrameWork/MobaYan/Moba/Src/Client/assets/Scripts/UI/Battle/enums/SkillType.ts.
debug: Resolve file:///D:/LearningFrameWork/MobaYan/Moba/Src/Client/assets/Scripts/UI/Battle/enums/TeamType2.ts from cce:/internal/x/prerequisite-imports as file:///D:/LearningFrameWork/MobaYan/Moba/Src/Client/assets/Scripts/UI/Battle/enums/TeamType2.ts.
debug: Resolve file:///D:/LearningFrameWork/MobaYan/Moba/Src/Client/assets/Scripts/UI/CharacterSelect/UICharacterSelect.ts from cce:/internal/x/prerequisite-imports as file:///D:/LearningFrameWork/MobaYan/Moba/Src/Client/assets/Scripts/UI/CharacterSelect/UICharacterSelect.ts.
debug: Resolve file:///D:/LearningFrameWork/MobaYan/Moba/Src/Client/assets/Scripts/UI/Battle/enums/TriggerType.ts from cce:/internal/x/prerequisite-imports as file:///D:/LearningFrameWork/MobaYan/Moba/Src/Client/assets/Scripts/UI/Battle/enums/TriggerType.ts.
debug: Resolve file:///D:/LearningFrameWork/MobaYan/Moba/Src/Client/assets/Scripts/UI/CharacterSelect/UICharacterSelectItem.ts from cce:/internal/x/prerequisite-imports as file:///D:/LearningFrameWork/MobaYan/Moba/Src/Client/assets/Scripts/UI/CharacterSelect/UICharacterSelectItem.ts.
debug: Resolve file:///D:/LearningFrameWork/MobaYan/Moba/Src/Client/assets/Scripts/UI/Chat/UIChat.ts from cce:/internal/x/prerequisite-imports as file:///D:/LearningFrameWork/MobaYan/Moba/Src/Client/assets/Scripts/UI/Chat/UIChat.ts.
debug: Resolve file:///D:/LearningFrameWork/MobaYan/Moba/Src/Client/assets/Scripts/UI/Chat/UIChatItem.ts from cce:/internal/x/prerequisite-imports as file:///D:/LearningFrameWork/MobaYan/Moba/Src/Client/assets/Scripts/UI/Chat/UIChatItem.ts.
debug: Resolve file:///D:/LearningFrameWork/MobaYan/Moba/Src/Client/assets/Scripts/UI/Chat/UIChatUserItem.ts from cce:/internal/x/prerequisite-imports as file:///D:/LearningFrameWork/MobaYan/Moba/Src/Client/assets/Scripts/UI/Chat/UIChatUserItem.ts.
debug: Resolve file:///D:/LearningFrameWork/MobaYan/Moba/Src/Client/assets/Scripts/UI/Battle/enums/TargetType.ts from cce:/internal/x/prerequisite-imports as file:///D:/LearningFrameWork/MobaYan/Moba/Src/Client/assets/Scripts/UI/Battle/enums/TargetType.ts.
debug: Resolve file:///D:/LearningFrameWork/MobaYan/Moba/Src/Client/assets/Scripts/UI/Chat/UIOtherMyUserItem.ts from cce:/internal/x/prerequisite-imports as file:///D:/LearningFrameWork/MobaYan/Moba/Src/Client/assets/Scripts/UI/Chat/UIOtherMyUserItem.ts.
debug: Resolve file:///D:/LearningFrameWork/MobaYan/Moba/Src/Client/assets/Scripts/UI/Common/InputBox.ts from cce:/internal/x/prerequisite-imports as file:///D:/LearningFrameWork/MobaYan/Moba/Src/Client/assets/Scripts/UI/Common/InputBox.ts.
debug: Resolve file:///D:/LearningFrameWork/MobaYan/Moba/Src/Client/assets/Scripts/UI/Common/Event/EventType.ts from cce:/internal/x/prerequisite-imports as file:///D:/LearningFrameWork/MobaYan/Moba/Src/Client/assets/Scripts/UI/Common/Event/EventType.ts.
debug: Resolve file:///D:/LearningFrameWork/MobaYan/Moba/Src/Client/assets/Scripts/UI/Common/ListView/ListView.ts from cce:/internal/x/prerequisite-imports as file:///D:/LearningFrameWork/MobaYan/Moba/Src/Client/assets/Scripts/UI/Common/ListView/ListView.ts.
debug: Resolve file:///D:/LearningFrameWork/MobaYan/Moba/Src/Client/assets/Scripts/UI/Common/Event/EventManager.ts from cce:/internal/x/prerequisite-imports as file:///D:/LearningFrameWork/MobaYan/Moba/Src/Client/assets/Scripts/UI/Common/Event/EventManager.ts.
debug: Resolve file:///D:/LearningFrameWork/MobaYan/Moba/Src/Client/assets/Scripts/UI/Common/ListView/ListViewItem.ts from cce:/internal/x/prerequisite-imports as file:///D:/LearningFrameWork/MobaYan/Moba/Src/Client/assets/Scripts/UI/Common/ListView/ListViewItem.ts.
debug: Resolve file:///D:/LearningFrameWork/MobaYan/Moba/Src/Client/assets/Scripts/UI/Common/MessageBox.ts from cce:/internal/x/prerequisite-imports as file:///D:/LearningFrameWork/MobaYan/Moba/Src/Client/assets/Scripts/UI/Common/MessageBox.ts.
debug: Resolve file:///D:/LearningFrameWork/MobaYan/Moba/Src/Client/assets/Scripts/UI/Common/ScrollView/List.ts from cce:/internal/x/prerequisite-imports as file:///D:/LearningFrameWork/MobaYan/Moba/Src/Client/assets/Scripts/UI/Common/ScrollView/List.ts.
debug: Resolve file:///D:/LearningFrameWork/MobaYan/Moba/Src/Client/assets/Scripts/UI/Common/TabView/TabButton.ts from cce:/internal/x/prerequisite-imports as file:///D:/LearningFrameWork/MobaYan/Moba/Src/Client/assets/Scripts/UI/Common/TabView/TabButton.ts.
debug: Resolve file:///D:/LearningFrameWork/MobaYan/Moba/Src/Client/assets/Scripts/UI/Common/ScrollView/ListItem.ts from cce:/internal/x/prerequisite-imports as file:///D:/LearningFrameWork/MobaYan/Moba/Src/Client/assets/Scripts/UI/Common/ScrollView/ListItem.ts.
debug: Resolve file:///D:/LearningFrameWork/MobaYan/Moba/Src/Client/assets/Scripts/UI/Common/TabView/TabView.ts from cce:/internal/x/prerequisite-imports as file:///D:/LearningFrameWork/MobaYan/Moba/Src/Client/assets/Scripts/UI/Common/TabView/TabView.ts.
debug: Resolve file:///D:/LearningFrameWork/MobaYan/Moba/Src/Client/assets/Scripts/UI/Common/UIInputBox.ts from cce:/internal/x/prerequisite-imports as file:///D:/LearningFrameWork/MobaYan/Moba/Src/Client/assets/Scripts/UI/Common/UIInputBox.ts.
debug: Resolve file:///D:/LearningFrameWork/MobaYan/Moba/Src/Client/assets/Scripts/UI/Common/UIManager.ts from cce:/internal/x/prerequisite-imports as file:///D:/LearningFrameWork/MobaYan/Moba/Src/Client/assets/Scripts/UI/Common/UIManager.ts.
debug: Resolve file:///D:/LearningFrameWork/MobaYan/Moba/Src/Client/assets/Scripts/UI/Common/UIMessageBox.ts from cce:/internal/x/prerequisite-imports as file:///D:/LearningFrameWork/MobaYan/Moba/Src/Client/assets/Scripts/UI/Common/UIMessageBox.ts.
debug: Resolve file:///D:/LearningFrameWork/MobaYan/Moba/Src/Client/assets/Scripts/UI/Common/UITips.ts from cce:/internal/x/prerequisite-imports as file:///D:/LearningFrameWork/MobaYan/Moba/Src/Client/assets/Scripts/UI/Common/UITips.ts.
debug: Resolve file:///D:/LearningFrameWork/MobaYan/Moba/Src/Client/assets/Scripts/UI/Common/UIWindow.ts from cce:/internal/x/prerequisite-imports as file:///D:/LearningFrameWork/MobaYan/Moba/Src/Client/assets/Scripts/UI/Common/UIWindow.ts.
debug: Resolve file:///D:/LearningFrameWork/MobaYan/Moba/Src/Client/assets/Scripts/UI/Follow/UIFollow.ts from cce:/internal/x/prerequisite-imports as file:///D:/LearningFrameWork/MobaYan/Moba/Src/Client/assets/Scripts/UI/Follow/UIFollow.ts.
debug: Resolve file:///D:/LearningFrameWork/MobaYan/Moba/Src/Client/assets/Scripts/UI/Follow/UIFollowItem.ts from cce:/internal/x/prerequisite-imports as file:///D:/LearningFrameWork/MobaYan/Moba/Src/Client/assets/Scripts/UI/Follow/UIFollowItem.ts.
debug: Resolve file:///D:/LearningFrameWork/MobaYan/Moba/Src/Client/assets/Scripts/UI/FollowLive/UIFollowLive.ts from cce:/internal/x/prerequisite-imports as file:///D:/LearningFrameWork/MobaYan/Moba/Src/Client/assets/Scripts/UI/FollowLive/UIFollowLive.ts.
debug: Resolve file:///D:/LearningFrameWork/MobaYan/Moba/Src/Client/assets/Scripts/UI/FollowLive/UIFollowLiveItem.ts from cce:/internal/x/prerequisite-imports as file:///D:/LearningFrameWork/MobaYan/Moba/Src/Client/assets/Scripts/UI/FollowLive/UIFollowLiveItem.ts.
debug: Resolve file:///D:/LearningFrameWork/MobaYan/Moba/Src/Client/assets/Scripts/UI/PowerRanking/UIPowerRanking.ts from cce:/internal/x/prerequisite-imports as file:///D:/LearningFrameWork/MobaYan/Moba/Src/Client/assets/Scripts/UI/PowerRanking/UIPowerRanking.ts.
debug: Resolve file:///D:/LearningFrameWork/MobaYan/Moba/Src/Client/assets/Scripts/UI/Match/UIMatchWait.ts from cce:/internal/x/prerequisite-imports as file:///D:/LearningFrameWork/MobaYan/Moba/Src/Client/assets/Scripts/UI/Match/UIMatchWait.ts.
debug: Resolve file:///D:/LearningFrameWork/MobaYan/Moba/Src/Client/assets/Scripts/UI/Match/UIEnterGameLoad.ts from cce:/internal/x/prerequisite-imports as file:///D:/LearningFrameWork/MobaYan/Moba/Src/Client/assets/Scripts/UI/Match/UIEnterGameLoad.ts.
debug: Resolve file:///D:/LearningFrameWork/MobaYan/Moba/Src/Client/assets/Scripts/UI/PowerRanking/UIPowerRankingItem.ts from cce:/internal/x/prerequisite-imports as file:///D:/LearningFrameWork/MobaYan/Moba/Src/Client/assets/Scripts/UI/PowerRanking/UIPowerRankingItem.ts.
debug: Resolve file:///D:/LearningFrameWork/MobaYan/Moba/Src/Client/assets/Scripts/UI/Shop/UIShop.ts from cce:/internal/x/prerequisite-imports as file:///D:/LearningFrameWork/MobaYan/Moba/Src/Client/assets/Scripts/UI/Shop/UIShop.ts.
debug: Resolve file:///D:/LearningFrameWork/MobaYan/Moba/Src/Client/assets/Scripts/UI/Room/UIInvite.ts from cce:/internal/x/prerequisite-imports as file:///D:/LearningFrameWork/MobaYan/Moba/Src/Client/assets/Scripts/UI/Room/UIInvite.ts.
debug: Resolve file:///D:/LearningFrameWork/MobaYan/Moba/Src/Client/assets/Scripts/UI/Room/UIInviteItem.ts from cce:/internal/x/prerequisite-imports as file:///D:/LearningFrameWork/MobaYan/Moba/Src/Client/assets/Scripts/UI/Room/UIInviteItem.ts.
debug: Resolve file:///D:/LearningFrameWork/MobaYan/Moba/Src/Client/assets/Scripts/UI/Room/UIRoom.ts from cce:/internal/x/prerequisite-imports as file:///D:/LearningFrameWork/MobaYan/Moba/Src/Client/assets/Scripts/UI/Room/UIRoom.ts.
debug: Resolve file:///D:/LearningFrameWork/MobaYan/Moba/Src/Client/assets/Scripts/UI/TipsManager.ts from cce:/internal/x/prerequisite-imports as file:///D:/LearningFrameWork/MobaYan/Moba/Src/Client/assets/Scripts/UI/TipsManager.ts.
debug: Resolve file:///D:/LearningFrameWork/MobaYan/Moba/Src/Client/assets/Scripts/UI/Shop/UIShopItem.ts from cce:/internal/x/prerequisite-imports as file:///D:/LearningFrameWork/MobaYan/Moba/Src/Client/assets/Scripts/UI/Shop/UIShopItem.ts.
debug: Resolve file:///D:/LearningFrameWork/MobaYan/Moba/Src/Client/assets/Scripts/UI/Shop/UIShopDetailItem.ts from cce:/internal/x/prerequisite-imports as file:///D:/LearningFrameWork/MobaYan/Moba/Src/Client/assets/Scripts/UI/Shop/UIShopDetailItem.ts.
debug: Resolve file:///D:/LearningFrameWork/MobaYan/Moba/Src/Client/assets/Scripts/UI/Tran/UITran.ts from cce:/internal/x/prerequisite-imports as file:///D:/LearningFrameWork/MobaYan/Moba/Src/Client/assets/Scripts/UI/Tran/UITran.ts.
debug: Resolve file:///D:/LearningFrameWork/MobaYan/Moba/Src/Client/assets/Scripts/UI/Tran/UITranDetailItem.ts from cce:/internal/x/prerequisite-imports as file:///D:/LearningFrameWork/MobaYan/Moba/Src/Client/assets/Scripts/UI/Tran/UITranDetailItem.ts.
debug: Resolve file:///D:/LearningFrameWork/MobaYan/Moba/Src/Client/assets/Scripts/UI/Tran/UITranItem.ts from cce:/internal/x/prerequisite-imports as file:///D:/LearningFrameWork/MobaYan/Moba/Src/Client/assets/Scripts/UI/Tran/UITranItem.ts.
debug: Resolve file:///D:/LearningFrameWork/MobaYan/Moba/Src/Client/assets/Scripts/UI/UICharacterDetail/UICharacterDetail.ts from cce:/internal/x/prerequisite-imports as file:///D:/LearningFrameWork/MobaYan/Moba/Src/Client/assets/Scripts/UI/UICharacterDetail/UICharacterDetail.ts.
debug: Resolve file:///D:/LearningFrameWork/MobaYan/Moba/Src/Client/assets/Scripts/UI/UICharacterDetail/UIPromote.ts from cce:/internal/x/prerequisite-imports as file:///D:/LearningFrameWork/MobaYan/Moba/Src/Client/assets/Scripts/UI/UICharacterDetail/UIPromote.ts.
debug: Resolve file:///D:/LearningFrameWork/MobaYan/Moba/Src/Client/assets/Scripts/UI/UILogin.ts from cce:/internal/x/prerequisite-imports as file:///D:/LearningFrameWork/MobaYan/Moba/Src/Client/assets/Scripts/UI/UILogin.ts.
debug: Resolve file:///D:/LearningFrameWork/MobaYan/Moba/Src/Client/assets/Scripts/Utils/DataUtil.ts from cce:/internal/x/prerequisite-imports as file:///D:/LearningFrameWork/MobaYan/Moba/Src/Client/assets/Scripts/Utils/DataUtil.ts.
debug: Resolve file:///D:/LearningFrameWork/MobaYan/Moba/Src/Client/assets/Scripts/UI/UISystemConfig.ts from cce:/internal/x/prerequisite-imports as file:///D:/LearningFrameWork/MobaYan/Moba/Src/Client/assets/Scripts/UI/UISystemConfig.ts.
debug: Resolve file:///D:/LearningFrameWork/MobaYan/Moba/Src/Client/assets/Scripts/UI/UIMain.ts from cce:/internal/x/prerequisite-imports as file:///D:/LearningFrameWork/MobaYan/Moba/Src/Client/assets/Scripts/UI/UIMain.ts.
debug: Resolve file:///D:/LearningFrameWork/MobaYan/Moba/Src/Client/assets/Scripts/Utils/DateUtil.ts from cce:/internal/x/prerequisite-imports as file:///D:/LearningFrameWork/MobaYan/Moba/Src/Client/assets/Scripts/Utils/DateUtil.ts.
debug: Resolve file:///D:/LearningFrameWork/MobaYan/Moba/Src/Client/assets/Scripts/Utils/GlobalPool.ts from cce:/internal/x/prerequisite-imports as file:///D:/LearningFrameWork/MobaYan/Moba/Src/Client/assets/Scripts/Utils/GlobalPool.ts.
debug: Resolve file:///D:/LearningFrameWork/MobaYan/Moba/Src/Client/assets/Scripts/Utils/HashMap.ts from cce:/internal/x/prerequisite-imports as file:///D:/LearningFrameWork/MobaYan/Moba/Src/Client/assets/Scripts/Utils/HashMap.ts.
debug: Resolve file:///D:/LearningFrameWork/MobaYan/Moba/Src/Client/assets/Scripts/Utils/LocalStorageUtil.ts from cce:/internal/x/prerequisite-imports as file:///D:/LearningFrameWork/MobaYan/Moba/Src/Client/assets/Scripts/Utils/LocalStorageUtil.ts.
debug: Resolve file:///D:/LearningFrameWork/MobaYan/Moba/Src/Client/assets/Scripts/Utils/LoadResUtil.ts from cce:/internal/x/prerequisite-imports as file:///D:/LearningFrameWork/MobaYan/Moba/Src/Client/assets/Scripts/Utils/LoadResUtil.ts.
debug: Resolve file:///D:/LearningFrameWork/MobaYan/Moba/Src/Client/assets/Scripts/Vo/ChatUserVo.ts from cce:/internal/x/prerequisite-imports as file:///D:/LearningFrameWork/MobaYan/Moba/Src/Client/assets/Scripts/Vo/ChatUserVo.ts.
debug: Resolve file:///D:/LearningFrameWork/MobaYan/Moba/Src/Client/assets/Scripts/Utils/MathUtil.ts from cce:/internal/x/prerequisite-imports as file:///D:/LearningFrameWork/MobaYan/Moba/Src/Client/assets/Scripts/Utils/MathUtil.ts.
debug: Resolve file:///D:/LearningFrameWork/MobaYan/Moba/Src/Client/assets/Scripts/Utils/Validate.ts from cce:/internal/x/prerequisite-imports as file:///D:/LearningFrameWork/MobaYan/Moba/Src/Client/assets/Scripts/Utils/Validate.ts.
debug: Resolve file:///D:/LearningFrameWork/MobaYan/Moba/Src/Client/assets/Scripts/Vo/MinimapBoxVo.ts from cce:/internal/x/prerequisite-imports as file:///D:/LearningFrameWork/MobaYan/Moba/Src/Client/assets/Scripts/Vo/MinimapBoxVo.ts.
debug: Resolve file:///D:/LearningFrameWork/MobaYan/Moba/Src/Client/assets/Scripts/Vo/RockerSpeedVo.ts from cce:/internal/x/prerequisite-imports as file:///D:/LearningFrameWork/MobaYan/Moba/Src/Client/assets/Scripts/Vo/RockerSpeedVo.ts.
debug: Resolve file:///D:/LearningFrameWork/MobaYan/Moba/Src/Client/assets/migrate-canvas.ts from cce:/internal/x/prerequisite-imports as file:///D:/LearningFrameWork/MobaYan/Moba/Src/Client/assets/migrate-canvas.ts.
debug: Resolve file:///D:/LearningFrameWork/MobaYan/Moba/Src/Client/assets/resources/Battle/Effects/FX/Scripts/DelayActiveChild.ts from cce:/internal/x/prerequisite-imports as file:///D:/LearningFrameWork/MobaYan/Moba/Src/Client/assets/resources/Battle/Effects/FX/Scripts/DelayActiveChild.ts.
debug: Resolve file:///D:/LearningFrameWork/MobaYan/Moba/Src/Client/assets/Sound/SoundConfig.ts from cce:/internal/x/prerequisite-imports as file:///D:/LearningFrameWork/MobaYan/Moba/Src/Client/assets/Sound/SoundConfig.ts.
debug: Resolve file:///D:/LearningFrameWork/MobaYan/Moba/Src/Client/assets/Sound/SoundManager.ts from cce:/internal/x/prerequisite-imports as file:///D:/LearningFrameWork/MobaYan/Moba/Src/Client/assets/Sound/SoundManager.ts.
debug: Resolve file:///D:/LearningFrameWork/MobaYan/Moba/Src/Client/assets/Sound/SoundDefine.ts from cce:/internal/x/prerequisite-imports as file:///D:/LearningFrameWork/MobaYan/Moba/Src/Client/assets/Sound/SoundDefine.ts.
debug: Detected change: cce:/internal/code-quality/cr.mjs. Last mtime: Tue Sep 06 2022 19:15:06 GMT+0800 (中国标准时间), Current mtime: Tue Sep 13 2022 16:05:33 GMT+0800 (中国标准时间)
debug: Inspect cce:/internal/code-quality/cr.mjs
debug: Detected change: cce:/internal/ml/cjs-loader.mjs. Last mtime: Tue Sep 06 2022 19:15:06 GMT+0800 (中国标准时间), Current mtime: Tue Sep 13 2022 16:05:33 GMT+0800 (中国标准时间)
debug: Inspect cce:/internal/ml/cjs-loader.mjs
debug: Create cjs interop url for 'file:///D:/LearningFrameWork/MobaYan/Moba/Src/Client/assets/Proto/proto.js'
debug: Resolve file:///D:/LearningFrameWork/MobaYan/Moba/Src/Client/assets/Proto/proto.js from cce:/internal/x/prerequisite-imports as file:///D:/LearningFrameWork/MobaYan/Moba/Src/Client/assets/Proto/proto.mjs?cjs=&original=.js.
debug: Create cjs interop url for 'file:///D:/LearningFrameWork/MobaYan/Moba/Src/Client/assets/Proto/Battle/proto.js'
debug: Resolve file:///D:/LearningFrameWork/MobaYan/Moba/Src/Client/assets/Proto/Battle/proto.js from cce:/internal/x/prerequisite-imports as file:///D:/LearningFrameWork/MobaYan/Moba/Src/Client/assets/Proto/Battle/proto.mjs?cjs=&original=.js.
debug: Target(preview) ends with cost 228.71250000223517ms.
